Log file open, 01/09/20 15:26:11
LogWindows: Failed to load 'aqProf.dll' (GetLastError=126)
LogWindows: File 'aqProf.dll' does not exist
LogWindows: Failed to load 'VtuneApi.dll' (GetLastError=126)
LogWindows: File 'VtuneApi.dll' does not exist
LogWindows: Failed to load 'VtuneApi32e.dll' (GetLastError=126)
LogWindows: File 'VtuneApi32e.dll' does not exist
LogConsoleResponse: Display: Failed to find resolution value strings in scalability ini. Falling back to default.
LogInit: Display: Running engine for game: JS_Prototype
LogPakFile: Registered encryption key '00000000000000000000000000000000': 0 pak files mounted, 0 remain pending
LogPlatformFile: Not using cached read wrapper
LogTaskGraph: Started task graph with 5 named threads and 23 total threads with 3 sets of task threads.
LogStats: Stats thread started at 0.282522
LogD3D11RHI: Loaded GFSDK_Aftermath_Lib.x64.dll
LogICUInternationalization: ICU TimeZone Detection - Raw Offset: +0:00, Platform Override: ''
LogPluginManager: Mounting plugin Paper2D
LogPluginManager: Mounting plugin AISupport
LogPluginManager: Mounting plugin LightPropagationVolume
LogPluginManager: Mounting plugin ActorLayerUtilities
LogPluginManager: Mounting plugin AnimationSharing
LogPluginManager: Mounting plugin CLionSourceCodeAccess
LogPluginManager: Mounting plugin CodeLiteSourceCodeAccess
LogPluginManager: Mounting plugin GitSourceControl
LogPluginManager: Mounting plugin KDevelopSourceCodeAccess
LogPluginManager: Mounting plugin NullSourceCodeAccess
LogPluginManager: Mounting plugin PerforceSourceControl
LogPluginManager: Mounting plugin SubversionSourceControl
LogPluginManager: Mounting plugin UObjectPlugin
LogPluginManager: Mounting plugin VisualStudioCodeSourceCodeAccess
LogPluginManager: Mounting plugin VisualStudioSourceCodeAccess
LogPluginManager: Mounting plugin XCodeSourceCodeAccess
LogPluginManager: Mounting plugin AssetManagerEditor
LogPluginManager: Mounting plugin CryptoKeys
LogPluginManager: Mounting plugin DataValidation
LogPluginManager: Mounting plugin FacialAnimation
LogPluginManager: Mounting plugin GameplayTagsEditor
LogPluginManager: Mounting plugin MacGraphicsSwitching
LogPluginManager: Mounting plugin MaterialAnalyzer
LogPluginManager: Mounting plugin MobileLauncherProfileWizard
LogPluginManager: Mounting plugin PluginBrowser
LogPluginManager: Mounting plugin SpeedTreeImporter
LogPluginManager: Mounting plugin DatasmithContent
LogPluginManager: Mounting plugin VariantManagerContent
LogPluginManager: Mounting plugin AlembicImporter
LogPluginManager: Mounting plugin AppleImageUtils
LogPluginManager: Mounting plugin AppleVision
LogPluginManager: Mounting plugin BackChannel
LogPluginManager: Mounting plugin CharacterAI
LogPluginManager: Mounting plugin GeometryCache
LogPluginManager: Mounting plugin HTML5Networking
LogPluginManager: Mounting plugin ProxyLODPlugin
LogPluginManager: Mounting plugin SkeletalReduction
LogPluginManager: Mounting plugin MagicLeap
LogPluginManager: Mounting plugin MagicLeapMedia
LogPluginManager: Mounting plugin AndroidMedia
LogPluginManager: Mounting plugin AvfMedia
LogPluginManager: Mounting plugin ImgMedia
LogPluginManager: Mounting plugin LinearTimecode
LogPluginManager: Mounting plugin MediaCompositing
LogPluginManager: Mounting plugin MediaPlayerEditor
LogPluginManager: Mounting plugin WebMMedia
LogPluginManager: Mounting plugin WmfMedia
LogPluginManager: Mounting plugin TcpMessaging
LogPluginManager: Mounting plugin UdpMessaging
LogPluginManager: Mounting plugin ActorSequence
LogPluginManager: Mounting plugin LevelSequenceEditor
LogPluginManager: Mounting plugin MatineeToLevelSequence
LogPluginManager: Mounting plugin NetcodeUnitTest
LogPluginManager: Mounting plugin NUTUnrealEngine4
LogPluginManager: Mounting plugin OnlineSubsystemGooglePlay
LogPluginManager: Mounting plugin OnlineSubsystemIOS
LogPluginManager: Mounting plugin OnlineSubsystem
LogPluginManager: Mounting plugin OnlineSubsystemNull
LogPluginManager: Mounting plugin OnlineSubsystemUtils
LogPluginManager: Mounting plugin LauncherChunkInstaller
LogPluginManager: Mounting plugin AndroidDeviceProfileSelector
LogPluginManager: Mounting plugin AndroidMoviePlayer
LogPluginManager: Mounting plugin AndroidPermission
LogPluginManager: Mounting plugin AppleMoviePlayer
LogPluginManager: Mounting plugin ArchVisCharacter
LogPluginManager: Mounting plugin AudioCapture
LogPluginManager: Mounting plugin CableComponent
LogPluginManager: Mounting plugin CustomMeshComponent
LogPluginManager: Mounting plugin EditableMesh
LogPluginManager: Mounting plugin ExampleDeviceProfileSelector
LogPluginManager: Mounting plugin Firebase
LogPluginManager: Mounting plugin GoogleCloudMessaging
LogPluginManager: Mounting plugin IOSDeviceProfileSelector
LogPluginManager: Mounting plugin LinuxDeviceProfileSelector
LogPluginManager: Mounting plugin LocationServicesBPLibrary
LogPluginManager: Mounting plugin MobilePatchingUtils
LogPluginManager: Mounting plugin OculusVR
LogPluginManager: Mounting plugin PhysXVehicles
LogPluginManager: Mounting plugin ProceduralMeshComponent
LogPluginManager: Mounting plugin RuntimePhysXCooking
LogPluginManager: Mounting plugin SignificanceManager
LogPluginManager: Mounting plugin SteamVR
LogPluginManager: Mounting plugin WebMMoviePlayer
LogPluginManager: Mounting plugin WindowsMoviePlayer
LogInit: Using libcurl 7.55.1-DEV
LogInit:  - built for x86_64-pc-win32
LogInit:  - supports SSL with OpenSSL/1.1.1
LogInit:  - supports HTTP deflate (compression) using libz 1.2.8
LogInit:  - other features:
LogInit:      CURL_VERSION_SSL
LogInit:      CURL_VERSION_LIBZ
LogInit:      CURL_VERSION_IPV6
LogInit:      CURL_VERSION_ASYNCHDNS
LogInit:      CURL_VERSION_LARGEFILE
LogInit:      CURL_VERSION_IDN
LogInit:  CurlRequestOptions (configurable via config and command line):
LogInit:  - bVerifyPeer = true  - Libcurl will verify peer certificate
LogInit:  - bUseHttpProxy = false  - Libcurl will NOT use HTTP proxy
LogInit:  - bDontReuseConnections = false  - Libcurl will reuse connections
LogInit:  - MaxHostConnections = 16  - Libcurl will limit the number of connections to a host
LogInit:  - LocalHostAddr = Default
LogInit:  - BufferSize = 65536
LogInit: WinSock: version 1.1 (2.2), MaxSocks=32767, MaxUdp=65467
LogInit: Build: ++UE4+Release-4.22-CL-7053642
LogInit: Engine Version: 4.22.3-7053642+++UE4+Release-4.22
LogInit: Compatible Engine Version: 4.22.0-5660361+++UE4+Release-4.22
LogInit: Net CL: 5660361
LogInit: OS: Windows 10 (Release 1909) (), CPU: Intel(R) Xeon(R) CPU E5-1620 v3 @ 3.50GHz, GPU: NVIDIA GeForce GTX 970
LogInit: Compiled (64-bit): Jun 18 2019 03:09:11
LogInit: Compiled with Visual C++: 19.16.27025.01
LogInit: Build Configuration: Development
LogInit: Branch Name: ++UE4+Release-4.22
LogInit: Command Line: 
LogInit: Base Directory: C:/Epic/UE4/UE_4.22/Engine/Binaries/Win64/
LogInit: Installed Engine Build: 1
LogDevObjectVersion: Number of dev versions registered: 23
LogDevObjectVersion:   Dev-Blueprints (B0D832E4-1F89-4F0D-ACCF-7EB736FD4AA2): 10
LogDevObjectVersion:   Dev-Build (E1C64328-A22C-4D53-A36C-8E866417BD8C): 0
LogDevObjectVersion:   Dev-Core (375EC13C-06E4-48FB-B500-84F0262A717E): 3
LogDevObjectVersion:   Dev-Editor (E4B068ED-F494-42E9-A231-DA0B2E46BB41): 30
LogDevObjectVersion:   Dev-Framework (CFFC743F-43B0-4480-9391-14DF171D2073): 35
LogDevObjectVersion:   Dev-Mobile (B02B49B5-BB20-44E9-A304-32B752E40360): 2
LogDevObjectVersion:   Dev-Networking (A4E4105C-59A1-49B5-A7C5-40C4547EDFEE): 0
LogDevObjectVersion:   Dev-Online (39C831C9-5AE6-47DC-9A44-9C173E1C8E7C): 0
LogDevObjectVersion:   Dev-Physics (78F01B33-EBEA-4F98-B9B4-84EACCB95AA2): 0
LogDevObjectVersion:   Dev-Platform (6631380F-2D4D-43E0-8009-CF276956A95A): 0
LogDevObjectVersion:   Dev-Rendering (12F88B9F-8875-4AFC-A67C-D90C383ABD29): 28
LogDevObjectVersion:   Dev-Sequencer (7B5AE74C-D270-4C10-A958-57980B212A5A): 11
LogDevObjectVersion:   Dev-VR (D7296918-1DD6-4BDD-9DE2-64A83CC13884): 2
LogDevObjectVersion:   Dev-LoadTimes (C2A15278-BFE7-4AFE-6C17-90FF531DF755): 1
LogDevObjectVersion:   Private-Geometry (6EACA3D4-40EC-4CC1-B786-8BED09428FC5): 3
LogDevObjectVersion:   Dev-AnimPhys (29E575DD-E0A3-4627-9D10-D276232CDCEA): 17
LogDevObjectVersion:   Dev-Anim (AF43A65D-7FD3-4947-9873-3E8ED9C1BB05): 2
LogDevObjectVersion:   Dev-ReflectionCapture (6B266CEC-1EC7-4B8F-A30B-E4D90942FC07): 1
LogDevObjectVersion:   Dev-Automation (0DF73D61-A23F-47EA-B727-89E90C41499A): 1
LogDevObjectVersion:   FortniteMain (601D1886-AC64-4F84-AA16-D3DE0DEAC7D6): 25
LogDevObjectVersion:   Dev-Enterprise (9DFFBCD6-494F-0158-E221-12823C92A888): 6
LogDevObjectVersion:   Dev-Niagara (F2AED0AC-9AFE-416F-8664-AA7FFA26D6FC): 1
LogDevObjectVersion:   Dev-Destruction (174F1F0B-B4C6-45A5-B13F-2EE8D0FB917D): 2
LogInit: Presizing for max 16777216 objects, including 0 objects not considered by GC, pre-allocating 0 bytes for permanent pool.
LogInit: Object subsystem initialized
LogConfig: Setting CVar [[con.DebugEarlyDefault:1]]
LogConfig: Setting CVar [[r.setres:1280x720]]
[2020.01.09-15.26.11:502][  0]LogConfig: Setting CVar [[r.VSync:0]]
[2020.01.09-15.26.11:502][  0]LogConfig: Setting CVar [[r.RHICmdBypass:0]]
[2020.01.09-15.26.11:502][  0]LogConfig: Applying CVar settings from Section [/Script/Engine.RendererSettings] File [C:/Users/w016042h/Documents/UE4/JS_Prototype/Saved/Config/Windows/Engine.ini]
[2020.01.09-15.26.11:502][  0]LogConfig: Setting CVar [[r.GPUCrashDebugging:0]]
[2020.01.09-15.26.11:502][  0]LogConfig: Setting CVar [[r.DefaultFeature.AutoExposure.ExtendDefaultLuminanceRange:1]]
[2020.01.09-15.26.11:502][  0]LogConfig: Applying CVar settings from Section [/Script/Engine.RendererOverrideSettings] File [C:/Users/w016042h/Documents/UE4/JS_Prototype/Saved/Config/Windows/Engine.ini]
[2020.01.09-15.26.11:502][  0]LogConfig: Applying CVar settings from Section [/Script/Engine.StreamingSettings] File [C:/Users/w016042h/Documents/UE4/JS_Prototype/Saved/Config/Windows/Engine.ini]
[2020.01.09-15.26.11:502][  0]LogConfig: Setting CVar [[s.MinBulkDataSizeForAsyncLoading:131072]]
[2020.01.09-15.26.11:502][  0]LogConfig: Setting CVar [[s.AsyncLoadingThreadEnabled:0]]
[2020.01.09-15.26.11:502][  0]LogConfig: Setting CVar [[s.EventDrivenLoaderEnabled:1]]
[2020.01.09-15.26.11:502][  0]LogConfig: Setting CVar [[s.WarnIfTimeLimitExceeded:0]]
[2020.01.09-15.26.11:502][  0]LogConfig: Setting CVar [[s.TimeLimitExceededMultiplier:1.5]]
[2020.01.09-15.26.11:502][  0]LogConfig: Setting CVar [[s.TimeLimitExceededMinTime:0.005]]
[2020.01.09-15.26.11:502][  0]LogConfig: Setting CVar [[s.UseBackgroundLevelStreaming:1]]
[2020.01.09-15.26.11:502][  0]LogConfig: Setting CVar [[s.PriorityAsyncLoadingExtraTime:15.0]]
[2020.01.09-15.26.11:502][  0]LogConfig: Setting CVar [[s.LevelStreamingActorsUpdateTimeLimit:5.0]]
[2020.01.09-15.26.11:502][  0]LogConfig: Setting CVar [[s.PriorityLevelStreamingActorsUpdateExtraTime:5.0]]
[2020.01.09-15.26.11:502][  0]LogConfig: Setting CVar [[s.LevelStreamingComponentsRegistrationGranularity:10]]
[2020.01.09-15.26.11:502][  0]LogConfig: Setting CVar [[s.UnregisterComponentsTimeLimit:1.0]]
[2020.01.09-15.26.11:502][  0]LogConfig: Setting CVar [[s.LevelStreamingComponentsUnregistrationGranularity:5]]
[2020.01.09-15.26.11:502][  0]LogConfig: Applying CVar settings from Section [/Script/Engine.GarbageCollectionSettings] File [C:/Users/w016042h/Documents/UE4/JS_Prototype/Saved/Config/Windows/Engine.ini]
[2020.01.09-15.26.11:502][  0]LogConfig: Setting CVar [[gc.MaxObjectsNotConsideredByGC:1]]
[2020.01.09-15.26.11:502][  0]LogConfig: Setting CVar [[gc.SizeOfPermanentObjectPool:0]]
[2020.01.09-15.26.11:502][  0]LogConfig: Setting CVar [[gc.FlushStreamingOnGC:0]]
[2020.01.09-15.26.11:502][  0]LogConfig: Setting CVar [[gc.NumRetriesBeforeForcingGC:10]]
[2020.01.09-15.26.11:502][  0]LogConfig: Setting CVar [[gc.AllowParallelGC:1]]
[2020.01.09-15.26.11:502][  0]LogConfig: Setting CVar [[gc.TimeBetweenPurgingPendingKillObjects:61.1]]
[2020.01.09-15.26.11:502][  0]LogConfig: Setting CVar [[gc.MaxObjectsInEditor:16777216]]
[2020.01.09-15.26.11:502][  0]LogConfig: Setting CVar [[gc.IncrementalBeginDestroyEnabled:1]]
[2020.01.09-15.26.11:502][  0]LogConfig: Setting CVar [[gc.CreateGCClusters:1]]
[2020.01.09-15.26.11:502][  0]LogConfig: Setting CVar [[gc.MinGCClusterSize:5]]
[2020.01.09-15.26.11:502][  0]LogConfig: Setting CVar [[gc.ActorClusteringEnabled:0]]
[2020.01.09-15.26.11:502][  0]LogConfig: Setting CVar [[gc.BlueprintClusteringEnabled:0]]
[2020.01.09-15.26.11:502][  0]LogConfig: Setting CVar [[gc.UseDisregardForGCOnDedicatedServers:0]]
[2020.01.09-15.26.11:502][  0]LogConfig: Applying CVar settings from Section [/Script/Engine.NetworkSettings] File [C:/Users/w016042h/Documents/UE4/JS_Prototype/Saved/Config/Windows/Engine.ini]
[2020.01.09-15.26.11:502][  0]LogConfig: Applying CVar settings from Section [/Script/UnrealEd.CookerSettings] File [C:/Users/w016042h/Documents/UE4/JS_Prototype/Saved/Config/Windows/Engine.ini]
[2020.01.09-15.26.11:509][  0]LogConfig: Applying CVar settings from Section [ViewDistanceQuality@3] File [C:/Users/w016042h/Documents/UE4/JS_Prototype/Saved/Config/Windows/Scalability.ini]
[2020.01.09-15.26.11:509][  0]LogConfig: Setting CVar [[r.SkeletalMeshLODBias:0]]
[2020.01.09-15.26.11:509][  0]LogConfig: Setting CVar [[r.ViewDistanceScale:1.0]]
[2020.01.09-15.26.11:509][  0]LogConfig: Applying CVar settings from Section [AntiAliasingQuality@3] File [C:/Users/w016042h/Documents/UE4/JS_Prototype/Saved/Config/Windows/Scalability.ini]
[2020.01.09-15.26.11:509][  0]LogConfig: Setting CVar [[r.PostProcessAAQuality:4]]
[2020.01.09-15.26.11:509][  0]LogConfig: Applying CVar settings from Section [ShadowQuality@3] File [C:/Users/w016042h/Documents/UE4/JS_Prototype/Saved/Config/Windows/Scalability.ini]
[2020.01.09-15.26.11:509][  0]LogConfig: Setting CVar [[r.LightFunctionQuality:1]]
[2020.01.09-15.26.11:509][  0]LogConfig: Setting CVar [[r.ShadowQuality:5]]
[2020.01.09-15.26.11:509][  0]LogConfig: Setting CVar [[r.Shadow.CSM.MaxCascades:10]]
[2020.01.09-15.26.11:509][  0]LogConfig: Setting CVar [[r.Shadow.MaxResolution:2048]]
[2020.01.09-15.26.11:509][  0]LogConfig: Setting CVar [[r.Shadow.MaxCSMResolution:2048]]
[2020.01.09-15.26.11:509][  0]LogConfig: Setting CVar [[r.Shadow.RadiusThreshold:0.01]]
[2020.01.09-15.26.11:509][  0]LogConfig: Setting CVar [[r.Shadow.DistanceScale:1.0]]
[2020.01.09-15.26.11:509][  0]LogConfig: Setting CVar [[r.Shadow.CSM.TransitionScale:1.0]]
[2020.01.09-15.26.11:509][  0]LogConfig: Setting CVar [[r.Shadow.PreShadowResolutionFactor:1.0]]
[2020.01.09-15.26.11:509][  0]LogConfig: Setting CVar [[r.DistanceFieldShadowing:1]]
[2020.01.09-15.26.11:509][  0]LogConfig: Setting CVar [[r.DistanceFieldAO:1]]
[2020.01.09-15.26.11:509][  0]LogConfig: Setting CVar [[r.AOQuality:2]]
[2020.01.09-15.26.11:509][  0]LogConfig: Setting CVar [[r.VolumetricFog:1]]
[2020.01.09-15.26.11:509][  0]LogConfig: Setting CVar [[r.VolumetricFog.GridPixelSize:8]]
[2020.01.09-15.26.11:509][  0]LogConfig: Setting CVar [[r.VolumetricFog.GridSizeZ:128]]
[2020.01.09-15.26.11:509][  0]LogConfig: Setting CVar [[r.VolumetricFog.HistoryMissSupersampleCount:4]]
[2020.01.09-15.26.11:509][  0]LogConfig: Setting CVar [[r.LightMaxDrawDistanceScale:1]]
[2020.01.09-15.26.11:509][  0]LogConfig: Setting CVar [[r.CapsuleShadows:1]]
[2020.01.09-15.26.11:509][  0]LogConfig: Applying CVar settings from Section [PostProcessQuality@3] File [C:/Users/w016042h/Documents/UE4/JS_Prototype/Saved/Config/Windows/Scalability.ini]
[2020.01.09-15.26.11:509][  0]LogConfig: Setting CVar [[r.MotionBlurQuality:4]]
[2020.01.09-15.26.11:509][  0]LogConfig: Setting CVar [[r.AmbientOcclusionMipLevelFactor:0.4]]
[2020.01.09-15.26.11:509][  0]LogConfig: Setting CVar [[r.AmbientOcclusionMaxQuality:100]]
[2020.01.09-15.26.11:509][  0]LogConfig: Setting CVar [[r.AmbientOcclusionLevels:-1]]
[2020.01.09-15.26.11:509][  0]LogConfig: Setting CVar [[r.AmbientOcclusionRadiusScale:1.0]]
[2020.01.09-15.26.11:509][  0]LogConfig: Setting CVar [[r.DepthOfFieldQuality:2]]
[2020.01.09-15.26.11:509][  0]LogConfig: Setting CVar [[r.RenderTargetPoolMin:400]]
[2020.01.09-15.26.11:509][  0]LogConfig: Setting CVar [[r.LensFlareQuality:2]]
[2020.01.09-15.26.11:509][  0]LogConfig: Setting CVar [[r.SceneColorFringeQuality:1]]
[2020.01.09-15.26.11:509][  0]LogConfig: Setting CVar [[r.EyeAdaptationQuality:2]]
[2020.01.09-15.26.11:509][  0]LogConfig: Setting CVar [[r.BloomQuality:5]]
[2020.01.09-15.26.11:509][  0]LogConfig: Setting CVar [[r.FastBlurThreshold:100]]
[2020.01.09-15.26.11:509][  0]LogConfig: Setting CVar [[r.Upscale.Quality:3]]
[2020.01.09-15.26.11:510][  0]LogConfig: Setting CVar [[r.Tonemapper.GrainQuantization:1]]
[2020.01.09-15.26.11:510][  0]LogConfig: Setting CVar [[r.LightShaftQuality:1]]
[2020.01.09-15.26.11:510][  0]LogConfig: Setting CVar [[r.Filter.SizeScale:1]]
[2020.01.09-15.26.11:510][  0]LogConfig: Setting CVar [[r.Tonemapper.Quality:5]]
[2020.01.09-15.26.11:510][  0]LogConfig: Setting CVar [[r.DOF.Gather.AccumulatorQuality:1        ; higher gathering accumulator quality]]
[2020.01.09-15.26.11:510][  0]LogConfig: Setting CVar [[r.DOF.Gather.PostfilterMethod:1          ; Median3x3 postfilering method]]
[2020.01.09-15.26.11:510][  0]LogConfig: Setting CVar [[r.DOF.Gather.EnableBokehSettings:0       ; no bokeh simulation when gathering]]
[2020.01.09-15.26.11:510][  0]LogConfig: Setting CVar [[r.DOF.Gather.RingCount:4                 ; medium number of samples when gathering]]
[2020.01.09-15.26.11:510][  0]LogConfig: Setting CVar [[r.DOF.Scatter.ForegroundCompositing:1    ; additive foreground scattering]]
[2020.01.09-15.26.11:510][  0]LogConfig: Setting CVar [[r.DOF.Scatter.BackgroundCompositing:2    ; additive background scattering]]
[2020.01.09-15.26.11:510][  0]LogConfig: Setting CVar [[r.DOF.Scatter.EnableBokehSettings:1      ; bokeh simulation when scattering]]
[2020.01.09-15.26.11:510][  0]LogConfig: Setting CVar [[r.DOF.Scatter.MaxSpriteRatio:0.1         ; only a maximum of 10% of scattered bokeh]]
[2020.01.09-15.26.11:510][  0]LogConfig: Setting CVar [[r.DOF.Recombine.Quality:1                ; cheap slight out of focus]]
[2020.01.09-15.26.11:510][  0]LogConfig: Setting CVar [[r.DOF.Recombine.EnableBokehSettings:0    ; no bokeh simulation on slight out of focus]]
[2020.01.09-15.26.11:510][  0]LogConfig: Setting CVar [[r.DOF.TemporalAAQuality:1                ; more stable temporal accumulation]]
[2020.01.09-15.26.11:510][  0]LogConfig: Setting CVar [[r.DOF.Kernel.MaxForegroundRadius:0.025]]
[2020.01.09-15.26.11:510][  0]LogConfig: Setting CVar [[r.DOF.Kernel.MaxBackgroundRadius:0.025]]
[2020.01.09-15.26.11:510][  0]LogConfig: Applying CVar settings from Section [TextureQuality@3] File [C:/Users/w016042h/Documents/UE4/JS_Prototype/Saved/Config/Windows/Scalability.ini]
[2020.01.09-15.26.11:510][  0]LogConfig: Setting CVar [[r.Streaming.MipBias:0]]
[2020.01.09-15.26.11:510][  0]LogConfig: Setting CVar [[r.Streaming.AmortizeCPUToGPUCopy:0]]
[2020.01.09-15.26.11:510][  0]LogConfig: Setting CVar [[r.Streaming.MaxNumTexturesToStreamPerFrame:0]]
[2020.01.09-15.26.11:510][  0]LogConfig: Setting CVar [[r.Streaming.Boost:1]]
[2020.01.09-15.26.11:510][  0]LogConfig: Setting CVar [[r.MaxAnisotropy:8]]
[2020.01.09-15.26.11:510][  0]LogConfig: Setting CVar [[r.Streaming.LimitPoolSizeToVRAM:0]]
[2020.01.09-15.26.11:510][  0]LogConfig: Setting CVar [[r.Streaming.PoolSize:1000]]
[2020.01.09-15.26.11:510][  0]LogConfig: Setting CVar [[r.Streaming.MaxEffectiveScreenSize:0]]
[2020.01.09-15.26.11:510][  0]LogConfig: Applying CVar settings from Section [EffectsQuality@3] File [C:/Users/w016042h/Documents/UE4/JS_Prototype/Saved/Config/Windows/Scalability.ini]
[2020.01.09-15.26.11:510][  0]LogConfig: Setting CVar [[r.TranslucencyLightingVolumeDim:64]]
[2020.01.09-15.26.11:510][  0]LogConfig: Setting CVar [[r.RefractionQuality:2]]
[2020.01.09-15.26.11:510][  0]LogConfig: Setting CVar [[r.SSR.Quality:3]]
[2020.01.09-15.26.11:510][  0]LogConfig: Setting CVar [[r.SceneColorFormat:4]]
[2020.01.09-15.26.11:510][  0]LogConfig: Setting CVar [[r.DetailMode:2]]
[2020.01.09-15.26.11:510][  0]LogConfig: Setting CVar [[r.TranslucencyVolumeBlur:1]]
[2020.01.09-15.26.11:510][  0]LogConfig: Setting CVar [[r.MaterialQualityLevel:1 ; High quality]]
[2020.01.09-15.26.11:510][  0]LogConfig: Setting CVar [[r.SSS.Scale:1]]
[2020.01.09-15.26.11:510][  0]LogConfig: Setting CVar [[r.SSS.SampleSet:2]]
[2020.01.09-15.26.11:510][  0]LogConfig: Setting CVar [[r.SSS.Quality:1]]
[2020.01.09-15.26.11:510][  0]LogConfig: Setting CVar [[r.SSS.HalfRes:1]]
[2020.01.09-15.26.11:510][  0]LogConfig: Setting CVar [[r.EmitterSpawnRateScale:1.0]]
[2020.01.09-15.26.11:510][  0]LogConfig: Setting CVar [[r.ParticleLightQuality:2]]
[2020.01.09-15.26.11:510][  0]LogConfig: Applying CVar settings from Section [FoliageQuality@3] File [C:/Users/w016042h/Documents/UE4/JS_Prototype/Saved/Config/Windows/Scalability.ini]
[2020.01.09-15.26.11:510][  0]LogConfig: Setting CVar [[foliage.DensityScale:1.0]]
[2020.01.09-15.26.11:510][  0]LogConfig: Setting CVar [[grass.DensityScale:1.0]]
[2020.01.09-15.26.11:510][  0]LogInit: Selected Device Profile: [Windows]
[2020.01.09-15.26.11:510][  0]LogInit: Applying CVar settings loaded from the selected device profile: [Windows]
[2020.01.09-15.26.11:537][  0]LogHAL: Display: Platform has ~ 16 GB [17082605568 / 17179869184 / 16], which maps to Larger [LargestMinGB=32, LargerMinGB=12, DefaultMinGB=8, SmallerMinGB=6, SmallestMinGB=0)
[2020.01.09-15.26.11:537][  0]LogConfig: Setting CVar [[r.Vulkan.UseRealUBs:0		; Required until we fix HLR fall-out]]
[2020.01.09-15.26.11:537][  0]LogInit: Going up to parent DeviceProfile []
[2020.01.09-15.26.11:537][  0]LogConfig: Applying CVar settings from Section [ViewDistanceQuality@3] File [C:/Users/w016042h/Documents/UE4/JS_Prototype/Saved/Config/Windows/Scalability.ini]
[2020.01.09-15.26.11:537][  0]LogConfig: Setting CVar [[r.SkeletalMeshLODBias:0]]
[2020.01.09-15.26.11:537][  0]LogConfig: Setting CVar [[r.ViewDistanceScale:1.0]]
[2020.01.09-15.26.11:537][  0]LogConfig: Applying CVar settings from Section [AntiAliasingQuality@3] File [C:/Users/w016042h/Documents/UE4/JS_Prototype/Saved/Config/Windows/Scalability.ini]
[2020.01.09-15.26.11:537][  0]LogConfig: Setting CVar [[r.PostProcessAAQuality:4]]
[2020.01.09-15.26.11:537][  0]LogConfig: Applying CVar settings from Section [ShadowQuality@3] File [C:/Users/w016042h/Documents/UE4/JS_Prototype/Saved/Config/Windows/Scalability.ini]
[2020.01.09-15.26.11:537][  0]LogConfig: Setting CVar [[r.LightFunctionQuality:1]]
[2020.01.09-15.26.11:537][  0]LogConfig: Setting CVar [[r.ShadowQuality:5]]
[2020.01.09-15.26.11:537][  0]LogConfig: Setting CVar [[r.Shadow.CSM.MaxCascades:10]]
[2020.01.09-15.26.11:537][  0]LogConfig: Setting CVar [[r.Shadow.MaxResolution:2048]]
[2020.01.09-15.26.11:537][  0]LogConfig: Setting CVar [[r.Shadow.MaxCSMResolution:2048]]
[2020.01.09-15.26.11:537][  0]LogConfig: Setting CVar [[r.Shadow.RadiusThreshold:0.01]]
[2020.01.09-15.26.11:537][  0]LogConfig: Setting CVar [[r.Shadow.DistanceScale:1.0]]
[2020.01.09-15.26.11:537][  0]LogConfig: Setting CVar [[r.Shadow.CSM.TransitionScale:1.0]]
[2020.01.09-15.26.11:538][  0]LogConfig: Setting CVar [[r.Shadow.PreShadowResolutionFactor:1.0]]
[2020.01.09-15.26.11:538][  0]LogConfig: Setting CVar [[r.DistanceFieldShadowing:1]]
[2020.01.09-15.26.11:538][  0]LogConfig: Setting CVar [[r.DistanceFieldAO:1]]
[2020.01.09-15.26.11:538][  0]LogConfig: Setting CVar [[r.AOQuality:2]]
[2020.01.09-15.26.11:538][  0]LogConfig: Setting CVar [[r.VolumetricFog:1]]
[2020.01.09-15.26.11:538][  0]LogConfig: Setting CVar [[r.VolumetricFog.GridPixelSize:8]]
[2020.01.09-15.26.11:538][  0]LogConfig: Setting CVar [[r.VolumetricFog.GridSizeZ:128]]
[2020.01.09-15.26.11:538][  0]LogConfig: Setting CVar [[r.VolumetricFog.HistoryMissSupersampleCount:4]]
[2020.01.09-15.26.11:538][  0]LogConfig: Setting CVar [[r.LightMaxDrawDistanceScale:1]]
[2020.01.09-15.26.11:538][  0]LogConfig: Setting CVar [[r.CapsuleShadows:1]]
[2020.01.09-15.26.11:538][  0]LogConfig: Applying CVar settings from Section [PostProcessQuality@3] File [C:/Users/w016042h/Documents/UE4/JS_Prototype/Saved/Config/Windows/Scalability.ini]
[2020.01.09-15.26.11:538][  0]LogConfig: Setting CVar [[r.MotionBlurQuality:4]]
[2020.01.09-15.26.11:538][  0]LogConfig: Setting CVar [[r.AmbientOcclusionMipLevelFactor:0.4]]
[2020.01.09-15.26.11:538][  0]LogConfig: Setting CVar [[r.AmbientOcclusionMaxQuality:100]]
[2020.01.09-15.26.11:538][  0]LogConfig: Setting CVar [[r.AmbientOcclusionLevels:-1]]
[2020.01.09-15.26.11:538][  0]LogConfig: Setting CVar [[r.AmbientOcclusionRadiusScale:1.0]]
[2020.01.09-15.26.11:538][  0]LogConfig: Setting CVar [[r.DepthOfFieldQuality:2]]
[2020.01.09-15.26.11:538][  0]LogConfig: Setting CVar [[r.RenderTargetPoolMin:400]]
[2020.01.09-15.26.11:538][  0]LogConfig: Setting CVar [[r.LensFlareQuality:2]]
[2020.01.09-15.26.11:538][  0]LogConfig: Setting CVar [[r.SceneColorFringeQuality:1]]
[2020.01.09-15.26.11:538][  0]LogConfig: Setting CVar [[r.EyeAdaptationQuality:2]]
[2020.01.09-15.26.11:538][  0]LogConfig: Setting CVar [[r.BloomQuality:5]]
[2020.01.09-15.26.11:538][  0]LogConfig: Setting CVar [[r.FastBlurThreshold:100]]
[2020.01.09-15.26.11:538][  0]LogConfig: Setting CVar [[r.Upscale.Quality:3]]
[2020.01.09-15.26.11:538][  0]LogConfig: Setting CVar [[r.Tonemapper.GrainQuantization:1]]
[2020.01.09-15.26.11:538][  0]LogConfig: Setting CVar [[r.LightShaftQuality:1]]
[2020.01.09-15.26.11:538][  0]LogConfig: Setting CVar [[r.Filter.SizeScale:1]]
[2020.01.09-15.26.11:538][  0]LogConfig: Setting CVar [[r.Tonemapper.Quality:5]]
[2020.01.09-15.26.11:538][  0]LogConfig: Setting CVar [[r.DOF.Gather.AccumulatorQuality:1        ; higher gathering accumulator quality]]
[2020.01.09-15.26.11:538][  0]LogConfig: Setting CVar [[r.DOF.Gather.PostfilterMethod:1          ; Median3x3 postfilering method]]
[2020.01.09-15.26.11:538][  0]LogConfig: Setting CVar [[r.DOF.Gather.EnableBokehSettings:0       ; no bokeh simulation when gathering]]
[2020.01.09-15.26.11:538][  0]LogConfig: Setting CVar [[r.DOF.Gather.RingCount:4                 ; medium number of samples when gathering]]
[2020.01.09-15.26.11:538][  0]LogConfig: Setting CVar [[r.DOF.Scatter.ForegroundCompositing:1    ; additive foreground scattering]]
[2020.01.09-15.26.11:538][  0]LogConfig: Setting CVar [[r.DOF.Scatter.BackgroundCompositing:2    ; additive background scattering]]
[2020.01.09-15.26.11:538][  0]LogConfig: Setting CVar [[r.DOF.Scatter.EnableBokehSettings:1      ; bokeh simulation when scattering]]
[2020.01.09-15.26.11:538][  0]LogConfig: Setting CVar [[r.DOF.Scatter.MaxSpriteRatio:0.1         ; only a maximum of 10% of scattered bokeh]]
[2020.01.09-15.26.11:538][  0]LogConfig: Setting CVar [[r.DOF.Recombine.Quality:1                ; cheap slight out of focus]]
[2020.01.09-15.26.11:538][  0]LogConfig: Setting CVar [[r.DOF.Recombine.EnableBokehSettings:0    ; no bokeh simulation on slight out of focus]]
[2020.01.09-15.26.11:538][  0]LogConfig: Setting CVar [[r.DOF.TemporalAAQuality:1                ; more stable temporal accumulation]]
[2020.01.09-15.26.11:538][  0]LogConfig: Setting CVar [[r.DOF.Kernel.MaxForegroundRadius:0.025]]
[2020.01.09-15.26.11:538][  0]LogConfig: Setting CVar [[r.DOF.Kernel.MaxBackgroundRadius:0.025]]
[2020.01.09-15.26.11:538][  0]LogConfig: Applying CVar settings from Section [TextureQuality@3] File [C:/Users/w016042h/Documents/UE4/JS_Prototype/Saved/Config/Windows/Scalability.ini]
[2020.01.09-15.26.11:538][  0]LogConfig: Setting CVar [[r.Streaming.MipBias:0]]
[2020.01.09-15.26.11:538][  0]LogConfig: Setting CVar [[r.Streaming.AmortizeCPUToGPUCopy:0]]
[2020.01.09-15.26.11:538][  0]LogConfig: Setting CVar [[r.Streaming.MaxNumTexturesToStreamPerFrame:0]]
[2020.01.09-15.26.11:538][  0]LogConfig: Setting CVar [[r.Streaming.Boost:1]]
[2020.01.09-15.26.11:538][  0]LogConfig: Setting CVar [[r.MaxAnisotropy:8]]
[2020.01.09-15.26.11:538][  0]LogConfig: Setting CVar [[r.Streaming.LimitPoolSizeToVRAM:0]]
[2020.01.09-15.26.11:538][  0]LogConfig: Setting CVar [[r.Streaming.PoolSize:1000]]
[2020.01.09-15.26.11:538][  0]LogConfig: Setting CVar [[r.Streaming.MaxEffectiveScreenSize:0]]
[2020.01.09-15.26.11:538][  0]LogConfig: Applying CVar settings from Section [EffectsQuality@3] File [C:/Users/w016042h/Documents/UE4/JS_Prototype/Saved/Config/Windows/Scalability.ini]
[2020.01.09-15.26.11:538][  0]LogConfig: Setting CVar [[r.TranslucencyLightingVolumeDim:64]]
[2020.01.09-15.26.11:539][  0]LogConfig: Setting CVar [[r.RefractionQuality:2]]
[2020.01.09-15.26.11:539][  0]LogConfig: Setting CVar [[r.SSR.Quality:3]]
[2020.01.09-15.26.11:539][  0]LogConfig: Setting CVar [[r.SceneColorFormat:4]]
[2020.01.09-15.26.11:539][  0]LogConfig: Setting CVar [[r.DetailMode:2]]
[2020.01.09-15.26.11:539][  0]LogConfig: Setting CVar [[r.TranslucencyVolumeBlur:1]]
[2020.01.09-15.26.11:539][  0]LogConfig: Setting CVar [[r.MaterialQualityLevel:1 ; High quality]]
[2020.01.09-15.26.11:539][  0]LogConfig: Setting CVar [[r.SSS.Scale:1]]
[2020.01.09-15.26.11:539][  0]LogConfig: Setting CVar [[r.SSS.SampleSet:2]]
[2020.01.09-15.26.11:539][  0]LogConfig: Setting CVar [[r.SSS.Quality:1]]
[2020.01.09-15.26.11:539][  0]LogConfig: Setting CVar [[r.SSS.HalfRes:1]]
[2020.01.09-15.26.11:539][  0]LogConfig: Setting CVar [[r.EmitterSpawnRateScale:1.0]]
[2020.01.09-15.26.11:539][  0]LogConfig: Setting CVar [[r.ParticleLightQuality:2]]
[2020.01.09-15.26.11:539][  0]LogConfig: Applying CVar settings from Section [FoliageQuality@3] File [C:/Users/w016042h/Documents/UE4/JS_Prototype/Saved/Config/Windows/Scalability.ini]
[2020.01.09-15.26.11:539][  0]LogConfig: Setting CVar [[foliage.DensityScale:1.0]]
[2020.01.09-15.26.11:539][  0]LogConfig: Setting CVar [[grass.DensityScale:1.0]]
[2020.01.09-15.26.11:539][  0]LogConfig: Applying CVar settings from Section [Startup] File [../../../Engine/Config/ConsoleVariables.ini]
[2020.01.09-15.26.11:539][  0]LogConfig: Setting CVar [[net.UseAdaptiveNetUpdateFrequency:0]]
[2020.01.09-15.26.11:539][  0]LogConfig: Setting CVar [[p.chaos.AllowCreatePhysxBodies:1]]
[2020.01.09-15.26.11:539][  0]LogConfig: Applying CVar settings from Section [ConsoleVariables] File [C:/Users/w016042h/Documents/UE4/JS_Prototype/Saved/Config/Windows/Engine.ini]
[2020.01.09-15.26.11:539][  0]LogInit: Computer: C108-63
[2020.01.09-15.26.11:539][  0]LogInit: User: w016042h
[2020.01.09-15.26.11:539][  0]LogInit: CPU Page size=4096, Cores=4
[2020.01.09-15.26.11:539][  0]LogInit: High frequency timer resolution =10.000000 MHz
[2020.01.09-15.26.11:539][  0]LogMemory: Memory total: Physical=15.9GB (16GB approx)
[2020.01.09-15.26.11:539][  0]LogMemory: Platform Memory Stats for Windows
[2020.01.09-15.26.11:539][  0]LogMemory: Process Physical Memory: 97.49 MB used, 97.50 MB peak
[2020.01.09-15.26.11:539][  0]LogMemory: Process Virtual Memory: 89.22 MB used, 89.22 MB peak
[2020.01.09-15.26.11:539][  0]LogMemory: Physical Memory: 6634.52 MB used,  9656.72 MB free, 16291.24 MB total
[2020.01.09-15.26.11:539][  0]LogMemory: Virtual Memory: 4642.67 MB used,  134213088.00 MB free, 134217728.00 MB total
[2020.01.09-15.26.11:577][  0]LogInit: Using OS detected language (en-US).
[2020.01.09-15.26.11:577][  0]LogInit: Using OS detected locale (en-GB).
[2020.01.09-15.26.11:578][  0]LogTextLocalizationManager: No specific localization for 'en-US' exists, so the 'en' localization will be used.
[2020.01.09-15.26.11:767][  0]LogInit: Setting process to per monitor DPI aware
[2020.01.09-15.26.11:796][  0]LogSlate: New Slate User Created.  User Index 0, Is Virtual User: 0
[2020.01.09-15.26.11:796][  0]LogSlate: Slate User Registered.  User Index 0, Is Virtual User: 0
[2020.01.09-15.26.12:018][  0]LogHMD: Failed to initialize OpenVR with code 110
[2020.01.09-15.26.12:018][  0]LogD3D11RHI: D3D11 adapters:
[2020.01.09-15.26.12:083][  0]LogD3D11RHI:    0. 'NVIDIA GeForce GTX 970' (Feature Level 11_0)
[2020.01.09-15.26.12:083][  0]LogD3D11RHI:       4043/0/8145 MB DedicatedVideo/DedicatedSystem/SharedSystem, Outputs:2, VendorId:0x10de
[2020.01.09-15.26.12:086][  0]LogD3D11RHI:    1. 'Microsoft Basic Render Driver' (Feature Level 11_0)
[2020.01.09-15.26.12:086][  0]LogD3D11RHI:       0/0/8145 MB DedicatedVideo/DedicatedSystem/SharedSystem, Outputs:0, VendorId:0x1414
[2020.01.09-15.26.12:086][  0]LogD3D11RHI: Chosen D3D11 Adapter: 0
[2020.01.09-15.26.12:093][  0]LogD3D11RHI: Creating new Direct3DDevice
[2020.01.09-15.26.12:093][  0]LogD3D11RHI:     GPU DeviceId: 0x13c2 (for the marketing name, search the web for "GPU Device Id")
[2020.01.09-15.26.12:093][  0]LogWindows: EnumDisplayDevices:
[2020.01.09-15.26.12:093][  0]LogWindows:    0. 'NVIDIA GeForce GTX 970' (P:1 D:1)
[2020.01.09-15.26.12:093][  0]LogWindows:    1. 'NVIDIA GeForce GTX 970' (P:0 D:1)
[2020.01.09-15.26.12:094][  0]LogWindows:    2. 'NVIDIA GeForce GTX 970' (P:0 D:0)
[2020.01.09-15.26.12:094][  0]LogWindows:    3. 'NVIDIA GeForce GTX 970' (P:0 D:0)
[2020.01.09-15.26.12:094][  0]LogWindows: DebugString: FoundDriverCount:4 
[2020.01.09-15.26.12:094][  0]LogD3D11RHI:     Adapter Name: NVIDIA GeForce GTX 970
[2020.01.09-15.26.12:094][  0]LogD3D11RHI:   Driver Version: 441.66 (internal:26.21.14.4166, unified:441.66)
[2020.01.09-15.26.12:094][  0]LogD3D11RHI:      Driver Date: 12-6-2019
[2020.01.09-15.26.12:094][  0]LogRHI: Texture pool is 2830 MB (70% of 4043 MB)
[2020.01.09-15.26.12:137][  0]LogD3D11RHI: Async texture creation enabled
[2020.01.09-15.26.12:144][  0]LogRendererCore: FGlobalReadBuffer::InitRHI
[2020.01.09-15.26.12:144][  0]LogRendererCore: FGlobalReadBuffer::InitRHI
[2020.01.09-15.26.12:145][  0]LogRendererCore: FGlobalReadBuffer::InitRHI
[2020.01.09-15.26.12:153][  0]LogD3D11RHI: GPU Timing Frequency: 1000.000000 (Debug: 2 1)
[2020.01.09-15.26.12:514][  0]LogTemp: Display: Module 'AllDesktopTargetPlatform' loaded TargetPlatform 'AllDesktop'
[2020.01.09-15.26.12:533][  0]LogTemp: Display: Module 'MacClientTargetPlatform' loaded TargetPlatform 'MacClient'
[2020.01.09-15.26.12:548][  0]LogTemp: Display: Module 'MacNoEditorTargetPlatform' loaded TargetPlatform 'MacNoEditor'
[2020.01.09-15.26.12:564][  0]LogTemp: Display: Module 'MacServerTargetPlatform' loaded TargetPlatform 'MacServer'
[2020.01.09-15.26.12:580][  0]LogTemp: Display: Module 'MacTargetPlatform' loaded TargetPlatform 'Mac'
[2020.01.09-15.26.12:598][  0]LogTemp: Display: Module 'WindowsClientTargetPlatform' loaded TargetPlatform 'WindowsClient'
[2020.01.09-15.26.12:614][  0]LogTemp: Display: Module 'WindowsNoEditorTargetPlatform' loaded TargetPlatform 'WindowsNoEditor'
[2020.01.09-15.26.12:630][  0]LogTemp: Display: Module 'WindowsServerTargetPlatform' loaded TargetPlatform 'WindowsServer'
[2020.01.09-15.26.12:638][  0]LogTemp: Display: Module 'WindowsTargetPlatform' loaded TargetPlatform 'Windows'
[2020.01.09-15.26.12:751][  0]LogTemp: Display: Module 'AndroidTargetPlatform' loaded TargetPlatform 'Android'
[2020.01.09-15.26.12:751][  0]LogTemp: Display: Module 'AndroidTargetPlatform' loaded TargetPlatform 'Android_ASTC'
[2020.01.09-15.26.12:751][  0]LogTemp: Display: Module 'AndroidTargetPlatform' loaded TargetPlatform 'Android_ATC'
[2020.01.09-15.26.12:751][  0]LogTemp: Display: Module 'AndroidTargetPlatform' loaded TargetPlatform 'Android_DXT'
[2020.01.09-15.26.12:751][  0]LogTemp: Display: Module 'AndroidTargetPlatform' loaded TargetPlatform 'Android_ETC1'
[2020.01.09-15.26.12:751][  0]LogTemp: Display: Module 'AndroidTargetPlatform' loaded TargetPlatform 'Android_ETC1a'
[2020.01.09-15.26.12:751][  0]LogTemp: Display: Module 'AndroidTargetPlatform' loaded TargetPlatform 'Android_ETC2'
[2020.01.09-15.26.12:751][  0]LogTemp: Display: Module 'AndroidTargetPlatform' loaded TargetPlatform 'Android_PVRTC'
[2020.01.09-15.26.12:751][  0]LogTemp: Display: Module 'AndroidTargetPlatform' loaded TargetPlatform 'AndroidClient'
[2020.01.09-15.26.12:751][  0]LogTemp: Display: Module 'AndroidTargetPlatform' loaded TargetPlatform 'Android_ASTCClient'
[2020.01.09-15.26.12:751][  0]LogTemp: Display: Module 'AndroidTargetPlatform' loaded TargetPlatform 'Android_ATCClient'
[2020.01.09-15.26.12:751][  0]LogTemp: Display: Module 'AndroidTargetPlatform' loaded TargetPlatform 'Android_DXTClient'
[2020.01.09-15.26.12:751][  0]LogTemp: Display: Module 'AndroidTargetPlatform' loaded TargetPlatform 'Android_ETC1Client'
[2020.01.09-15.26.12:751][  0]LogTemp: Display: Module 'AndroidTargetPlatform' loaded TargetPlatform 'Android_ETC1aClient'
[2020.01.09-15.26.12:751][  0]LogTemp: Display: Module 'AndroidTargetPlatform' loaded TargetPlatform 'Android_ETC2Client'
[2020.01.09-15.26.12:751][  0]LogTemp: Display: Module 'AndroidTargetPlatform' loaded TargetPlatform 'Android_PVRTCClient'
[2020.01.09-15.26.12:751][  0]LogTemp: Display: Module 'AndroidTargetPlatform' loaded TargetPlatform 'Android_Multi'
[2020.01.09-15.26.12:751][  0]LogTemp: Display: Module 'AndroidTargetPlatform' loaded TargetPlatform 'Android_MultiClient'
[2020.01.09-15.26.12:753][  0]LogTemp: Display: Module 'HTML5TargetPlatform' loaded TargetPlatform 'HTML5'
[2020.01.09-15.26.12:810][  0]LogTemp: Display: Module 'IOSTargetPlatform' loaded TargetPlatform 'IOSClient'
[2020.01.09-15.26.12:810][  0]LogTemp: Display: Module 'IOSTargetPlatform' loaded TargetPlatform 'IOS'
[2020.01.09-15.26.12:838][  0]LogTemp: Display: Module 'TVOSTargetPlatform' loaded TargetPlatform 'TVOSClient'
[2020.01.09-15.26.12:838][  0]LogTemp: Display: Module 'TVOSTargetPlatform' loaded TargetPlatform 'TVOS'
[2020.01.09-15.26.12:856][  0]LogTemp: Display: Module 'LinuxClientTargetPlatform' loaded TargetPlatform 'LinuxClient'
[2020.01.09-15.26.12:873][  0]LogTemp: Display: Module 'LinuxNoEditorTargetPlatform' loaded TargetPlatform 'LinuxNoEditor'
[2020.01.09-15.26.12:888][  0]LogTemp: Display: Module 'LinuxServerTargetPlatform' loaded TargetPlatform 'LinuxServer'
[2020.01.09-15.26.12:904][  0]LogTemp: Display: Module 'LinuxTargetPlatform' loaded TargetPlatform 'Linux'
[2020.01.09-15.26.12:957][  0]LogTemp: Display: Module 'LuminTargetPlatform' loaded TargetPlatform 'Lumin'
[2020.01.09-15.26.12:957][  0]LogTemp: Display: Module 'LuminTargetPlatform' loaded TargetPlatform 'LuminClient'
[2020.01.09-15.26.12:957][  0]LogTargetPlatformManager: Display: Building Assets For Windows
[2020.01.09-15.26.12:966][  0]LogAudioDebug: Display: Lib vorbis DLL was dynamically loaded.
[2020.01.09-15.26.13:045][  0]LogShaderCompilers: Guid format shader working directory is -11 characters bigger than the processId version (../../../../../../Users/w016042h/Documents/UE4/JS_Prototype/Intermediate/Shaders/WorkingDirectory/12196/).
[2020.01.09-15.26.13:045][  0]LogShaderCompilers: Cleaned the shader compiler working directory 'C:/Users/w016042h/AppData/Local/Temp/UnrealShaderWorkingDir/73187F884E96AF0AEF5F7F86EB198FA0/'.
[2020.01.09-15.26.13:048][  0]LogXGEController: Cleaning working directory: C:/Users/w016042h/AppData/Local/Temp/UnrealXGEWorkingDir/
[2020.01.09-15.26.13:048][  0]LogXGEController: Cannot use XGE Controller as Incredibuild is not installed on this machine.
[2020.01.09-15.26.13:048][  0]LogShaderCompilers: Cannot use XGE Shader Compiler as Incredibuild is not installed on this machine.
[2020.01.09-15.26.13:048][  0]LogShaderCompilers: Display: Using Local Shader Compiler.
[2020.01.09-15.26.13:714][  0]LogDerivedDataCache: Display: Max Cache Size: 512 MB
[2020.01.09-15.26.13:769][  0]LogDerivedDataCache: Loaded boot cache 0.05s 71MB C:/Users/w016042h/AppData/Local/UnrealEngine/4.22/DerivedDataCache/Boot.ddc.
[2020.01.09-15.26.13:769][  0]LogDerivedDataCache: Display: Loaded Boot cache: C:/Users/w016042h/AppData/Local/UnrealEngine/4.22/DerivedDataCache/Boot.ddc
[2020.01.09-15.26.13:769][  0]LogDerivedDataCache: FDerivedDataBackendGraph:  Pak pak cache file ../../../../../../Users/w016042h/Documents/UE4/JS_Prototype/DerivedDataCache/DDC.ddp not found, will not use a pak cache.
[2020.01.09-15.26.13:769][  0]LogDerivedDataCache: Unable to find inner node Pak for hierarchical cache Hierarchy.
[2020.01.09-15.26.13:769][  0]LogDerivedDataCache: FDerivedDataBackendGraph:  CompressedPak pak cache file ../../../../../../Users/w016042h/Documents/UE4/JS_Prototype/DerivedDataCache/Compressed.ddp not found, will not use a pak cache.
[2020.01.09-15.26.13:769][  0]LogDerivedDataCache: Unable to find inner node CompressedPak for hierarchical cache Hierarchy.
[2020.01.09-15.26.13:782][  0]LogDerivedDataCache: Display: Pak cache opened for reading ../../../Engine/DerivedDataCache/Compressed.ddp.
[2020.01.09-15.26.13:782][  0]LogDerivedDataCache: FDerivedDataBackendGraph:  EnterprisePak pak cache file ../../../Enterprise/DerivedDataCache/Compressed.ddp not found, will not use a pak cache.
[2020.01.09-15.26.13:782][  0]LogDerivedDataCache: Unable to find inner node EnterprisePak for hierarchical cache Hierarchy.
[2020.01.09-15.26.13:794][  0]LogDerivedDataCache: Using Local data cache path C:/Users/w016042h/AppData/Local/UnrealEngine/Common/DerivedDataCache: Writable
[2020.01.09-15.26.13:794][  0]LogDerivedDataCache: Shared data cache path not found in *engine.ini, will not use an Shared cache.
[2020.01.09-15.26.13:794][  0]LogDerivedDataCache: Unable to find inner node Shared for hierarchical cache Hierarchy.
[2020.01.09-15.26.13:818][  0]LogMaterial: Verifying Global Shaders for PCD3D_SM5
[2020.01.09-15.26.13:819][  0]LogSlate: Using FreeType 2.6.0
[2020.01.09-15.26.13:820][  0]LogSlate: SlateFontServices - WITH_FREETYPE: 1, WITH_HARFBUZZ: 1
[2020.01.09-15.26.13:912][  0]LogAssetRegistry: FAssetRegistry took 0.0364 seconds to start up
[2020.01.09-15.26.14:329][  0]LogInit: Selected Device Profile: [Windows]
[2020.01.09-15.26.14:490][  0]LogMeshReduction: Using QuadricMeshReduction for automatic static mesh reduction
[2020.01.09-15.26.14:490][  0]LogMeshReduction: Using SimplygonMeshReduction for automatic skeletal mesh reduction
[2020.01.09-15.26.14:490][  0]LogMeshReduction: Using ProxyLODMeshReduction for automatic mesh merging
[2020.01.09-15.26.14:490][  0]LogMeshReduction: No distributed automatic mesh merging module available
[2020.01.09-15.26.14:490][  0]LogMeshMerging: No distributed automatic mesh merging module available
[2020.01.09-15.26.14:501][  0]LogNetVersion: JS_Prototype 1.0.0, NetCL: 5660361, EngineNetVer: 10, GameNetVer: 0 (Checksum: 674203964)
[2020.01.09-15.26.15:137][  0]LogPackageLocalizationCache: Processed 10 localized package path(s) for 1 prioritized culture(s) in 0.216869 seconds
[2020.01.09-15.26.15:146][  0]LogUObjectArray: 42205 objects as part of root set at end of initial load.
[2020.01.09-15.26.15:146][  0]LogUObjectAllocator: 7325032 out of 0 bytes used by permanent object pool.
[2020.01.09-15.26.15:146][  0]LogUObjectArray: CloseDisregardForGC: 0/0 objects in disregard for GC pool
[2020.01.09-15.26.16:051][  0]LogTcpMessaging: Initializing TcpMessaging bridge
[2020.01.09-15.26.16:066][  0]LogUdpMessaging: Initializing bridge on interface 0.0.0.0:0 to multicast group 230.0.0.1:6666.
[2020.01.09-15.26.16:172][  0]SourceControl: Source control is disabled
[2020.01.09-15.26.16:172][  0]SourceControl: Source control is disabled
[2020.01.09-15.26.16:173][  0]SourceControl: Source control is disabled
[2020.01.09-15.26.16:174][  0]SourceControl: Source control is disabled
[2020.01.09-15.26.16:266][  0]LogAndroidPermission: UAndroidPermissionCallbackProxy::GetInstance
[2020.01.09-15.26.16:328][  0]LogOcInput: OculusInput pre-init called
[2020.01.09-15.26.17:117][  0]LogEngine: Initializing Engine...
[2020.01.09-15.26.17:118][  0]LogHMD: Failed to initialize OpenVR with code 110
[2020.01.09-15.26.17:119][  0]LogStats: UGameplayTagsManager::InitializeManager -  0.000 s
[2020.01.09-15.26.17:360][  0]LogInit: Initializing FReadOnlyCVARCache
[2020.01.09-15.26.17:377][  0]LogAIModule: Creating AISystem for world Untitled
[2020.01.09-15.26.17:388][  0]LogInit: XAudio2 using 'Speakers (Realtek High Definition Audio)' : 2 channels at 48 kHz using 32 bits per sample (channel mask 0x3)
[2020.01.09-15.26.17:405][  0]LogInit: FAudioDevice initialized.
[2020.01.09-15.26.17:406][  0]LogNetVersion: Set ProjectVersion to 1.0.0.0. Version Checksum will be recalculated on next use.
[2020.01.09-15.26.17:606][  0]LogDerivedDataCache: Saved boot cache 0.20s 71MB C:/Users/w016042h/AppData/Local/UnrealEngine/4.22/DerivedDataCache/Boot.ddc.
[2020.01.09-15.26.17:627][  0]LogInit: Texture streaming: Enabled
[2020.01.09-15.26.17:663][  0]LogEngineSessionManager: EngineSessionManager initialized
[2020.01.09-15.26.17:692][  0]LogInit: Transaction tracking system initialized
[2020.01.09-15.26.17:721][  0]BlueprintLog: New page: Editor Load
[2020.01.09-15.26.17:821][  0]LocalizationService: Localization service is disabled
[2020.01.09-15.26.18:174][  0]LogFileCache: Scanning file cache for directory 'C:/Users/w016042h/Documents/UE4/JS_Prototype/Content/' took 0.01s
[2020.01.09-15.26.18:174][  0]LogCook: Display: Max memory allowance for cook 16384mb min free memory 0mb
[2020.01.09-15.26.18:174][  0]LogCook: Display: Mobile HDR setting 1
[2020.01.09-15.26.18:395][  0]SourceControl: Source control is disabled
[2020.01.09-15.26.18:395][  0]Cmd: MAP LOAD FILE="../../../../../../Users/w016042h/Documents/UE4/JS_Prototype/Content/Maps/Map_AssetSizeZoo.umap" TEMPLATE=0 SHOWPROGRESS=1 FEATURELEVEL=3
[2020.01.09-15.26.18:395][  0]LightingResults: New page: Lighting Build
[2020.01.09-15.26.18:398][  0]MapCheck: New page: Map Check
[2020.01.09-15.26.18:398][  0]LightingResults: New page: Lighting Build
[2020.01.09-15.26.18:427][  0]LogUObjectHash: Compacting FUObjectHashTables data took   1.71ms
[2020.01.09-15.26.18:534][  0]LogAIModule: Creating AISystem for world Map_AssetSizeZoo
[2020.01.09-15.26.18:535][  0]LogMaterial: Warning: Material /Game/DEVTEST/TestMaterialss/M_ATestMatMaster.M_ATestMatMaster needed to have new flag set bUsedWithStaticLighting !
[2020.01.09-15.26.18:544][  0]LogMaterial: Display: Missing cached shader map for material M_ATestMatMaster, compiling. 
[2020.01.09-15.26.18:621][  0]MapCheck: Warning: M_ATestMatMaster Material /Game/DEVTEST/TestMaterialss/M_ATestMatMaster.M_ATestMatMaster was missing the usage flag bUsedWithStaticLighting. If the material asset is not re-saved, it may not render correctly when run outside the editor. Fix
[2020.01.09-15.26.18:627][  0]LogEditorServer: Finished looking for orphan Actors (0.000 secs)
[2020.01.09-15.26.18:655][  0]LogUObjectHash: Compacting FUObjectHashTables data took   2.00ms
[2020.01.09-15.26.18:655][  0]Cmd: MAP CHECKDEP NOCLEARLOG
[2020.01.09-15.26.18:655][  0]MapCheck: Map check complete: 0 Error(s), 1 Warning(s), took 0.216ms to complete.
[2020.01.09-15.26.18:659][  0]LogFileHelpers: Loading map 'Map_AssetSizeZoo' took 0.264
[2020.01.09-15.26.18:870][  0]LogSlate: Updating window title bar state: overlay mode, drag disabled, window buttons hidden, title bar hidden
[2020.01.09-15.26.18:877][  0]LogSlate: Updating window title bar state: overlay mode, drag disabled, window buttons hidden, title bar hidden
[2020.01.09-15.26.18:888][  0]LogSlate: Updating window title bar state: overlay mode, drag disabled, window buttons hidden, title bar hidden
[2020.01.09-15.26.18:898][  0]LogSlate: Updating window title bar state: overlay mode, drag disabled, window buttons hidden, title bar hidden
[2020.01.09-15.26.18:908][  0]LogCollectionManager: Loaded 0 collections in 0.002367 seconds
[2020.01.09-15.26.18:949][  0]LogFileCache: Scanning file cache for directory 'C:/Users/w016042h/Documents/UE4/JS_Prototype/Saved/Collections/' took 0.01s
[2020.01.09-15.26.18:949][  0]LogFileCache: Scanning file cache for directory 'C:/Users/w016042h/Documents/UE4/JS_Prototype/Content/Developers/w016042h/Collections/' took 0.01s
[2020.01.09-15.26.18:949][  0]LogFileCache: Scanning file cache for directory 'C:/Users/w016042h/Documents/UE4/JS_Prototype/Content/Collections/' took 0.01s
[2020.01.09-15.26.18:949][  0]LogCollectionManager: Rebuilt the GUID cache for 0 collections in 0.000000 seconds
[2020.01.09-15.26.18:958][  0]LogContentBrowser: Native class hierarchy populated in 0.0091 seconds. Added 2732 classes and 659 folders.
[2020.01.09-15.26.18:967][  0]LogContentBrowser: Native class hierarchy updated for 'WidgetCarousel' in 0.0003 seconds. Added 0 classes and 0 folders.
[2020.01.09-15.26.18:968][  0]LogPakFile: Registered encryption key '00000000000000000000000000000000': 0 pak files mounted, 0 remain pending
[2020.01.09-15.26.18:969][  0]LogPakFile: Registered encryption key '00000000000000000000000000000000': 0 pak files mounted, 0 remain pending
[2020.01.09-15.26.18:970][  0]LogPakFile: Registered encryption key '00000000000000000000000000000000': 0 pak files mounted, 0 remain pending
[2020.01.09-15.26.18:970][  0]LogPakFile: Registered encryption key '00000000000000000000000000000000': 0 pak files mounted, 0 remain pending
[2020.01.09-15.26.18:971][  0]LogPakFile: Registered encryption key '00000000000000000000000000000000': 0 pak files mounted, 0 remain pending
[2020.01.09-15.26.18:972][  0]LogPakFile: Registered encryption key '00000000000000000000000000000000': 0 pak files mounted, 0 remain pending
[2020.01.09-15.26.18:973][  0]LogPakFile: Registered encryption key '00000000000000000000000000000000': 0 pak files mounted, 0 remain pending
[2020.01.09-15.26.18:973][  0]LogPakFile: Registered encryption key '00000000000000000000000000000000': 0 pak files mounted, 0 remain pending
[2020.01.09-15.26.18:974][  0]LogPakFile: Registered encryption key '00000000000000000000000000000000': 0 pak files mounted, 0 remain pending
[2020.01.09-15.26.18:974][  0]LogPakFile: Registered encryption key '00000000000000000000000000000000': 0 pak files mounted, 0 remain pending
[2020.01.09-15.26.18:975][  0]LogPakFile: Registered encryption key '00000000000000000000000000000000': 0 pak files mounted, 0 remain pending
[2020.01.09-15.26.18:976][  0]LogPakFile: Registered encryption key '00000000000000000000000000000000': 0 pak files mounted, 0 remain pending
[2020.01.09-15.26.18:976][  0]LogPakFile: Registered encryption key '00000000000000000000000000000000': 0 pak files mounted, 0 remain pending
[2020.01.09-15.26.18:977][  0]LogPakFile: Registered encryption key '00000000000000000000000000000000': 0 pak files mounted, 0 remain pending
[2020.01.09-15.26.18:977][  0]LogPakFile: Registered encryption key '00000000000000000000000000000000': 0 pak files mounted, 0 remain pending
[2020.01.09-15.26.18:978][  0]LogPakFile: Registered encryption key '00000000000000000000000000000000': 0 pak files mounted, 0 remain pending
[2020.01.09-15.26.18:978][  0]LogPakFile: Registered encryption key '00000000000000000000000000000000': 0 pak files mounted, 0 remain pending
[2020.01.09-15.26.18:979][  0]LogPakFile: Registered encryption key '00000000000000000000000000000000': 0 pak files mounted, 0 remain pending
[2020.01.09-15.26.18:980][  0]LogPakFile: Registered encryption key '00000000000000000000000000000000': 0 pak files mounted, 0 remain pending
[2020.01.09-15.26.18:981][  0]LogPakFile: Registered encryption key '00000000000000000000000000000000': 0 pak files mounted, 0 remain pending
[2020.01.09-15.26.18:982][  0]LogPakFile: Registered encryption key '00000000000000000000000000000000': 0 pak files mounted, 0 remain pending
[2020.01.09-15.26.18:982][  0]LogPakFile: Registered encryption key '00000000000000000000000000000000': 0 pak files mounted, 0 remain pending
[2020.01.09-15.26.18:983][  0]LogPakFile: Registered encryption key '00000000000000000000000000000000': 0 pak files mounted, 0 remain pending
[2020.01.09-15.26.18:984][  0]LogPakFile: Registered encryption key '00000000000000000000000000000000': 0 pak files mounted, 0 remain pending
[2020.01.09-15.26.18:984][  0]LogPakFile: Registered encryption key '00000000000000000000000000000000': 0 pak files mounted, 0 remain pending
[2020.01.09-15.26.18:985][  0]LogPakFile: Registered encryption key '00000000000000000000000000000000': 0 pak files mounted, 0 remain pending
[2020.01.09-15.26.19:028][  0]LogContentBrowser: Native class hierarchy updated for 'AddContentDialog' in 0.0005 seconds. Added 0 classes and 0 folders.
[2020.01.09-15.26.19:037][  0]LogContentBrowser: Native class hierarchy updated for 'SceneOutliner' in 0.0004 seconds. Added 1 classes and 2 folders.
[2020.01.09-15.26.19:128][  0]LogSlate: Took 0.000191 seconds to synchronously load lazily loaded font '../../../Engine/Content/Slate/Fonts/Roboto-Regular.ttf' (155K)
[2020.01.09-15.26.19:131][  0]LogSlate: Took 0.000169 seconds to synchronously load lazily loaded font '../../../Engine/Content/Slate/Fonts/Roboto-Bold.ttf' (160K)
[2020.01.09-15.26.19:138][  0]LogSlate: Took 0.000192 seconds to synchronously load lazily loaded font '../../../Engine/Content/Editor/Slate/Fonts/FontAwesome.ttf' (139K)
[2020.01.09-15.26.19:236][  0]LogRenderer: Reallocating scene render targets to support 1208x572 Format 10 NumSamples 1 (Frame:1).
[2020.01.09-15.26.19:477][  0]LogContentBrowser: Native class hierarchy updated for 'HierarchicalLODOutliner' in 0.0005 seconds. Added 0 classes and 0 folders.
[2020.01.09-15.26.19:477][  0]LogLoad: (Engine Initialization) Total time: 10.30 seconds
[2020.01.09-15.26.19:477][  0]LogLoad: (Engine Initialization) Total Blueprint compile time: 0.00 seconds
[2020.01.09-15.26.19:535][  0]LogAssetRegistry: Asset discovery search completed in 5.6447 seconds
[2020.01.09-15.26.19:540][  0]LogCollectionManager: Rebuilt the object cache for 0 collections in 0.000000 seconds (found 0 objects)
[2020.01.09-15.26.19:540][  0]LogCollectionManager: Fixed up redirectors for 0 collections in 0.000076 seconds (updated 0 objects)
[2020.01.09-15.26.19:541][  0]LogContentStreaming: Texture pool size now 1000 MB
[2020.01.09-15.26.19:589][  0]LogSlate: Took 0.000165 seconds to synchronously load lazily loaded font '../../../Engine/Content/Slate/Fonts/Roboto-Light.ttf' (167K)
[2020.01.09-15.26.21:690][145]LogSlate: FSceneViewport::OnFocusLost() reason 0
[2020.01.09-15.26.21:767][153]LogTemp: Repeating last play command: Selected Viewport
[2020.01.09-15.26.21:799][153]LogBlueprintUserMessages: Early PlayInEditor Detection: Level '/Game/Maps/Map_AssetSizeZoo.Map_AssetSizeZoo:PersistentLevel' has LevelScriptBlueprint '/Game/Maps/Map_AssetSizeZoo.Map_AssetSizeZoo:PersistentLevel.Map_AssetSizeZoo' with GeneratedClass '/Game/Maps/Map_AssetSizeZoo.Map_AssetSizeZoo_C' with ClassGeneratedBy '/Game/Maps/Map_AssetSizeZoo.Map_AssetSizeZoo:PersistentLevel.Map_AssetSizeZoo'
[2020.01.09-15.26.21:799][153]LogPlayLevel: PlayLevel: No blueprints needed recompiling
[2020.01.09-15.26.21:799][153]PIE: New page: PIE session: Map_AssetSizeZoo (9 Jan 2020 15:26:21)
[2020.01.09-15.26.21:814][153]LogPlayLevel: Creating play world package: /Game/Maps/UEDPIE_0_Map_AssetSizeZoo
[2020.01.09-15.26.21:825][153]LogPlayLevel: PIE: StaticDuplicateObject took: (0.011133s)
[2020.01.09-15.26.21:826][153]LogAIModule: Creating AISystem for world Map_AssetSizeZoo
[2020.01.09-15.26.21:827][153]LogPlayLevel: PIE: World Init took: (0.001235s)
[2020.01.09-15.26.21:827][153]LogPlayLevel: PIE: Created PIE world by copying editor world from /Game/Maps/Map_AssetSizeZoo.Map_AssetSizeZoo to /Game/Maps/UEDPIE_0_Map_AssetSizeZoo.Map_AssetSizeZoo (0.013076s)
[2020.01.09-15.26.21:855][153]LogUObjectHash: Compacting FUObjectHashTables data took   1.69ms
[2020.01.09-15.26.21:863][153]LogInit: XAudio2 using 'Speakers (Realtek High Definition Audio)' : 2 channels at 48 kHz using 32 bits per sample (channel mask 0x3)
[2020.01.09-15.26.21:884][153]LogInit: FAudioDevice initialized.
[2020.01.09-15.26.21:928][153]LogLoad: Game class is 'GameModeBase'
[2020.01.09-15.26.21:932][153]LogWorld: Bringing World /Game/Maps/UEDPIE_0_Map_AssetSizeZoo.Map_AssetSizeZoo up for play (max tick rate 0) at 2020.01.09-15.26.21
[2020.01.09-15.26.21:932][153]LogWorld: Bringing up level for play took: 0.002491
[2020.01.09-15.26.21:953][153]LogContentBrowser: Native class hierarchy updated for 'MovieSceneCapture' in 0.0004 seconds. Added 20 classes and 0 folders.
[2020.01.09-15.26.21:954][153]PIE: Play in editor start time for /Game/Maps/UEDPIE_0_Map_AssetSizeZoo -0.135
[2020.01.09-15.26.21:954][153]LogBlueprintUserMessages: Late PlayInEditor Detection: Level '/Game/Maps/Map_AssetSizeZoo.Map_AssetSizeZoo:PersistentLevel' has LevelScriptBlueprint '/Game/Maps/Map_AssetSizeZoo.Map_AssetSizeZoo:PersistentLevel.Map_AssetSizeZoo' with GeneratedClass '/Game/Maps/Map_AssetSizeZoo.Map_AssetSizeZoo_C' with ClassGeneratedBy '/Game/Maps/Map_AssetSizeZoo.Map_AssetSizeZoo:PersistentLevel.Map_AssetSizeZoo'
[2020.01.09-15.26.26:101][628]LogBlueprintUserMessages: Early EndPlayMap Detection: Level '/Game/Maps/Map_AssetSizeZoo.Map_AssetSizeZoo:PersistentLevel' has LevelScriptBlueprint '/Game/Maps/Map_AssetSizeZoo.Map_AssetSizeZoo:PersistentLevel.Map_AssetSizeZoo' with GeneratedClass '/Game/Maps/Map_AssetSizeZoo.Map_AssetSizeZoo_C' with ClassGeneratedBy '/Game/Maps/Map_AssetSizeZoo.Map_AssetSizeZoo:PersistentLevel.Map_AssetSizeZoo'
[2020.01.09-15.26.26:101][628]LogSlate: Updating window title bar state: overlay mode, drag disabled, window buttons hidden, title bar hidden
[2020.01.09-15.26.26:131][628]LogPlayLevel: Display: Shutting down PIE online subsystems
[2020.01.09-15.26.26:131][628]LogBlueprintUserMessages: Late EndPlayMap Detection: Level '/Game/Maps/Map_AssetSizeZoo.Map_AssetSizeZoo:PersistentLevel' has LevelScriptBlueprint '/Game/Maps/Map_AssetSizeZoo.Map_AssetSizeZoo:PersistentLevel.Map_AssetSizeZoo' with GeneratedClass '/Game/Maps/Map_AssetSizeZoo.Map_AssetSizeZoo_C' with ClassGeneratedBy '/Game/Maps/Map_AssetSizeZoo.Map_AssetSizeZoo:PersistentLevel.Map_AssetSizeZoo'
[2020.01.09-15.26.26:164][628]LogSlate: Updating window title bar state: overlay mode, drag disabled, window buttons hidden, title bar hidden
[2020.01.09-15.26.26:167][628]LogUObjectHash: Compacting FUObjectHashTables data took   1.59ms
[2020.01.09-15.26.26:212][630]LogPlayLevel: Display: Destroying online subsystem :Context_1
[2020.01.09-15.26.26:819][702]LogSlate: Took 0.000272 seconds to synchronously load lazily loaded font '../../../Engine/Content/Slate/Fonts/Roboto-Light.ttf' (167K)
[2020.01.09-15.26.38:337][ 62]LogTemp: Repeating last play command: Selected Viewport
[2020.01.09-15.26.38:354][ 62]LogBlueprintUserMessages: Early PlayInEditor Detection: Level '/Game/Maps/Map_AssetSizeZoo.Map_AssetSizeZoo:PersistentLevel' has LevelScriptBlueprint '/Game/Maps/Map_AssetSizeZoo.Map_AssetSizeZoo:PersistentLevel.Map_AssetSizeZoo' with GeneratedClass '/Game/Maps/Map_AssetSizeZoo.Map_AssetSizeZoo_C' with ClassGeneratedBy '/Game/Maps/Map_AssetSizeZoo.Map_AssetSizeZoo:PersistentLevel.Map_AssetSizeZoo'
[2020.01.09-15.26.38:354][ 62]LogPlayLevel: PlayLevel: No blueprints needed recompiling
[2020.01.09-15.26.38:354][ 62]PIE: New page: PIE session: Map_AssetSizeZoo (9 Jan 2020 15:26:38)
[2020.01.09-15.26.38:354][ 62]LogPlayLevel: Creating play world package: /Game/Maps/UEDPIE_0_Map_AssetSizeZoo
[2020.01.09-15.26.38:361][ 62]LogPlayLevel: PIE: StaticDuplicateObject took: (0.006857s)
[2020.01.09-15.26.38:362][ 62]LogAIModule: Creating AISystem for world Map_AssetSizeZoo
[2020.01.09-15.26.38:362][ 62]LogPlayLevel: PIE: World Init took: (0.000726s)
[2020.01.09-15.26.38:362][ 62]LogPlayLevel: PIE: Created PIE world by copying editor world from /Game/Maps/Map_AssetSizeZoo.Map_AssetSizeZoo to /Game/Maps/UEDPIE_0_Map_AssetSizeZoo.Map_AssetSizeZoo (0.007741s)
[2020.01.09-15.26.38:387][ 62]LogUObjectHash: Compacting FUObjectHashTables data took   1.12ms
[2020.01.09-15.26.38:391][ 62]LogInit: XAudio2 using 'Speakers (Realtek High Definition Audio)' : 2 channels at 48 kHz using 32 bits per sample (channel mask 0x3)
[2020.01.09-15.26.38:404][ 62]LogInit: FAudioDevice initialized.
[2020.01.09-15.26.38:432][ 62]LogLoad: Game class is 'FunctionalTestGameMode'
[2020.01.09-15.26.38:434][ 62]LogWorld: Bringing World /Game/Maps/UEDPIE_0_Map_AssetSizeZoo.Map_AssetSizeZoo up for play (max tick rate 0) at 2020.01.09-15.26.38
[2020.01.09-15.26.38:434][ 62]LogWorld: Bringing up level for play took: 0.001350
[2020.01.09-15.26.38:448][ 62]PIE: Play in editor start time for /Game/Maps/UEDPIE_0_Map_AssetSizeZoo 0.359
[2020.01.09-15.26.38:448][ 62]LogBlueprintUserMessages: Late PlayInEditor Detection: Level '/Game/Maps/Map_AssetSizeZoo.Map_AssetSizeZoo:PersistentLevel' has LevelScriptBlueprint '/Game/Maps/Map_AssetSizeZoo.Map_AssetSizeZoo:PersistentLevel.Map_AssetSizeZoo' with GeneratedClass '/Game/Maps/Map_AssetSizeZoo.Map_AssetSizeZoo_C' with ClassGeneratedBy '/Game/Maps/Map_AssetSizeZoo.Map_AssetSizeZoo:PersistentLevel.Map_AssetSizeZoo'
[2020.01.09-15.26.39:271][157]LogBlueprintUserMessages: Early EndPlayMap Detection: Level '/Game/Maps/Map_AssetSizeZoo.Map_AssetSizeZoo:PersistentLevel' has LevelScriptBlueprint '/Game/Maps/Map_AssetSizeZoo.Map_AssetSizeZoo:PersistentLevel.Map_AssetSizeZoo' with GeneratedClass '/Game/Maps/Map_AssetSizeZoo.Map_AssetSizeZoo_C' with ClassGeneratedBy '/Game/Maps/Map_AssetSizeZoo.Map_AssetSizeZoo:PersistentLevel.Map_AssetSizeZoo'
[2020.01.09-15.26.39:271][157]LogSlate: Updating window title bar state: overlay mode, drag disabled, window buttons hidden, title bar hidden
[2020.01.09-15.26.39:304][157]LogPlayLevel: Display: Shutting down PIE online subsystems
[2020.01.09-15.26.39:304][157]LogBlueprintUserMessages: Late EndPlayMap Detection: Level '/Game/Maps/Map_AssetSizeZoo.Map_AssetSizeZoo:PersistentLevel' has LevelScriptBlueprint '/Game/Maps/Map_AssetSizeZoo.Map_AssetSizeZoo:PersistentLevel.Map_AssetSizeZoo' with GeneratedClass '/Game/Maps/Map_AssetSizeZoo.Map_AssetSizeZoo_C' with ClassGeneratedBy '/Game/Maps/Map_AssetSizeZoo.Map_AssetSizeZoo:PersistentLevel.Map_AssetSizeZoo'
[2020.01.09-15.26.39:334][157]LogSlate: Updating window title bar state: overlay mode, drag disabled, window buttons hidden, title bar hidden
[2020.01.09-15.26.39:337][157]LogUObjectHash: Compacting FUObjectHashTables data took   1.28ms
[2020.01.09-15.26.39:382][159]LogPlayLevel: Display: Destroying online subsystem :Context_2
[2020.01.09-15.26.42:355][513]LogTemp: Repeating last play command: Selected Viewport
[2020.01.09-15.26.42:372][513]LogBlueprintUserMessages: Early PlayInEditor Detection: Level '/Game/Maps/Map_AssetSizeZoo.Map_AssetSizeZoo:PersistentLevel' has LevelScriptBlueprint '/Game/Maps/Map_AssetSizeZoo.Map_AssetSizeZoo:PersistentLevel.Map_AssetSizeZoo' with GeneratedClass '/Game/Maps/Map_AssetSizeZoo.Map_AssetSizeZoo_C' with ClassGeneratedBy '/Game/Maps/Map_AssetSizeZoo.Map_AssetSizeZoo:PersistentLevel.Map_AssetSizeZoo'
[2020.01.09-15.26.42:372][513]LogPlayLevel: PlayLevel: No blueprints needed recompiling
[2020.01.09-15.26.42:372][513]PIE: New page: PIE session: Map_AssetSizeZoo (9 Jan 2020 15:26:42)
[2020.01.09-15.26.42:372][513]LogPlayLevel: Creating play world package: /Game/Maps/UEDPIE_0_Map_AssetSizeZoo
[2020.01.09-15.26.42:378][513]LogPlayLevel: PIE: StaticDuplicateObject took: (0.006265s)
[2020.01.09-15.26.42:379][513]LogAIModule: Creating AISystem for world Map_AssetSizeZoo
[2020.01.09-15.26.42:379][513]LogPlayLevel: PIE: World Init took: (0.000542s)
[2020.01.09-15.26.42:379][513]LogPlayLevel: PIE: Created PIE world by copying editor world from /Game/Maps/Map_AssetSizeZoo.Map_AssetSizeZoo to /Game/Maps/UEDPIE_0_Map_AssetSizeZoo.Map_AssetSizeZoo (0.006929s)
[2020.01.09-15.26.42:404][513]LogUObjectHash: Compacting FUObjectHashTables data took   1.14ms
[2020.01.09-15.26.42:408][513]LogInit: XAudio2 using 'Speakers (Realtek High Definition Audio)' : 2 channels at 48 kHz using 32 bits per sample (channel mask 0x3)
[2020.01.09-15.26.42:420][513]LogInit: FAudioDevice initialized.
[2020.01.09-15.26.42:451][513]LogLoad: Game class is 'ARSharedWorldGameMode'
[2020.01.09-15.26.42:453][513]LogWorld: Bringing World /Game/Maps/UEDPIE_0_Map_AssetSizeZoo.Map_AssetSizeZoo up for play (max tick rate 0) at 2020.01.09-15.26.42
[2020.01.09-15.26.42:453][513]LogWorld: Bringing up level for play took: 0.001448
[2020.01.09-15.26.42:465][513]LogGameMode: Display: Match State Changed from EnteringMap to WaitingToStart
[2020.01.09-15.26.42:480][513]LogGameState: Match State Changed from EnteringMap to WaitingToStart
[2020.01.09-15.26.42:480][513]LogGameMode: Display: Match State Changed from WaitingToStart to InProgress
[2020.01.09-15.26.42:481][513]LogGameState: Match State Changed from WaitingToStart to InProgress
[2020.01.09-15.26.42:481][513]PIE: Play in editor start time for /Game/Maps/UEDPIE_0_Map_AssetSizeZoo 0.393
[2020.01.09-15.26.42:481][513]LogBlueprintUserMessages: Late PlayInEditor Detection: Level '/Game/Maps/Map_AssetSizeZoo.Map_AssetSizeZoo:PersistentLevel' has LevelScriptBlueprint '/Game/Maps/Map_AssetSizeZoo.Map_AssetSizeZoo:PersistentLevel.Map_AssetSizeZoo' with GeneratedClass '/Game/Maps/Map_AssetSizeZoo.Map_AssetSizeZoo_C' with ClassGeneratedBy '/Game/Maps/Map_AssetSizeZoo.Map_AssetSizeZoo:PersistentLevel.Map_AssetSizeZoo'
[2020.01.09-15.26.43:342][613]LogBlueprintUserMessages: Early EndPlayMap Detection: Level '/Game/Maps/Map_AssetSizeZoo.Map_AssetSizeZoo:PersistentLevel' has LevelScriptBlueprint '/Game/Maps/Map_AssetSizeZoo.Map_AssetSizeZoo:PersistentLevel.Map_AssetSizeZoo' with GeneratedClass '/Game/Maps/Map_AssetSizeZoo.Map_AssetSizeZoo_C' with ClassGeneratedBy '/Game/Maps/Map_AssetSizeZoo.Map_AssetSizeZoo:PersistentLevel.Map_AssetSizeZoo'
[2020.01.09-15.26.43:342][613]LogSlate: Updating window title bar state: overlay mode, drag disabled, window buttons hidden, title bar hidden
[2020.01.09-15.26.43:372][613]LogPlayLevel: Display: Shutting down PIE online subsystems
[2020.01.09-15.26.43:373][613]LogBlueprintUserMessages: Late EndPlayMap Detection: Level '/Game/Maps/Map_AssetSizeZoo.Map_AssetSizeZoo:PersistentLevel' has LevelScriptBlueprint '/Game/Maps/Map_AssetSizeZoo.Map_AssetSizeZoo:PersistentLevel.Map_AssetSizeZoo' with GeneratedClass '/Game/Maps/Map_AssetSizeZoo.Map_AssetSizeZoo_C' with ClassGeneratedBy '/Game/Maps/Map_AssetSizeZoo.Map_AssetSizeZoo:PersistentLevel.Map_AssetSizeZoo'
[2020.01.09-15.26.43:402][613]LogSlate: Updating window title bar state: overlay mode, drag disabled, window buttons hidden, title bar hidden
[2020.01.09-15.26.43:404][613]LogUObjectHash: Compacting FUObjectHashTables data took   1.12ms
[2020.01.09-15.26.43:448][615]LogPlayLevel: Display: Destroying online subsystem :Context_3
[2020.01.09-15.26.49:698][354]LogSlate: FSceneViewport::OnFocusLost() reason 2
[2020.01.09-15.26.51:394][553]LogSlate: FSceneViewport::OnFocusLost() reason 2
[2020.01.09-15.26.53:653][821]LogSlate: FSceneViewport::OnFocusLost() reason 0
[2020.01.09-15.27.11:979][ 12]LogAssetEditorManager: Opening Asset editor for World /Game/Maps/Map_AssetSizeZoo.Map_AssetSizeZoo
[2020.01.09-15.27.12:002][ 12]LogUObjectHash: Compacting FUObjectHashTables data took   0.70ms
[2020.01.09-15.27.13:484][ 12]LogSlate: Window 'Save Content' being destroyed
[2020.01.09-15.27.13:528][ 12]LogUObjectHash: Compacting FUObjectHashTables data took   0.76ms
[2020.01.09-15.27.13:685][ 12]LogSavePackage: Moving '../../../../../../Users/w016042h/Documents/UE4/JS_Prototype/Saved/Map_AssetSizeZoo85F7C8A2456BC8362F6D2C90D69C4B37.tmp' to '../../../../../../Users/w016042h/Documents/UE4/JS_Prototype/Content/Maps/Map_AssetSizeZoo.umap'
[2020.01.09-15.27.13:750][ 12]LogFileHelpers: Saving map 'Map_AssetSizeZoo' took 0.257
[2020.01.09-15.27.13:762][ 12]Cmd: MAP LOAD FILE="../../../../../../Users/w016042h/Documents/UE4/JS_Prototype/Content/Maps/Map_AssetSizeZoo.umap" TEMPLATE=0 SHOWPROGRESS=1 FEATURELEVEL=3
[2020.01.09-15.27.13:762][ 12]LightingResults: New page: Lighting Build
[2020.01.09-15.27.13:763][ 12]LoadErrors: New page: Loading map: Map_AssetSizeZoo.umap
[2020.01.09-15.27.13:764][ 12]MapCheck: New page: Map Check
[2020.01.09-15.27.13:764][ 12]LightingResults: New page: Lighting Build
[2020.01.09-15.27.13:804][ 12]LogUObjectHash: Compacting FUObjectHashTables data took   2.69ms
[2020.01.09-15.27.13:833][ 12]LogAIModule: Creating AISystem for world Map_AssetSizeZoo
[2020.01.09-15.27.13:900][ 12]LogEditorServer: Finished looking for orphan Actors (0.000 secs)
[2020.01.09-15.27.13:943][ 12]LogUObjectHash: Compacting FUObjectHashTables data took   1.68ms
[2020.01.09-15.27.13:984][ 12]Cmd: MAP CHECKDEP NOCLEARLOG
[2020.01.09-15.27.13:984][ 12]MapCheck: Map check complete: 0 Error(s), 0 Warning(s), took 0.242ms to complete.
[2020.01.09-15.27.13:985][ 12]LogFileHelpers: Loading map 'Map_AssetSizeZoo' took 0.224
[2020.01.09-15.27.15:215][150]LogSlate: FSceneViewport::OnFocusLost() reason 0
[2020.01.09-15.27.15:290][159]LogTemp: Repeating last play command: Selected Viewport
[2020.01.09-15.27.15:306][159]LogBlueprintUserMessages: Early PlayInEditor Detection: Level '/Game/Maps/Map_AssetSizeZoo.Map_AssetSizeZoo:PersistentLevel' has LevelScriptBlueprint '/Game/Maps/Map_AssetSizeZoo.Map_AssetSizeZoo:PersistentLevel.Map_AssetSizeZoo' with GeneratedClass '/Game/Maps/Map_AssetSizeZoo.Map_AssetSizeZoo_C' with ClassGeneratedBy '/Game/Maps/Map_AssetSizeZoo.Map_AssetSizeZoo:PersistentLevel.Map_AssetSizeZoo'
[2020.01.09-15.27.15:307][159]LogPlayLevel: PlayLevel: No blueprints needed recompiling
[2020.01.09-15.27.15:307][159]PIE: New page: PIE session: Map_AssetSizeZoo (9 Jan 2020 15:27:15)
[2020.01.09-15.27.15:307][159]LogPlayLevel: Creating play world package: /Game/Maps/UEDPIE_0_Map_AssetSizeZoo
[2020.01.09-15.27.15:313][159]LogPlayLevel: PIE: StaticDuplicateObject took: (0.006406s)
[2020.01.09-15.27.15:314][159]LogAIModule: Creating AISystem for world Map_AssetSizeZoo
[2020.01.09-15.27.15:314][159]LogPlayLevel: PIE: World Init took: (0.000512s)
[2020.01.09-15.27.15:314][159]LogPlayLevel: PIE: Created PIE world by copying editor world from /Game/Maps/Map_AssetSizeZoo.Map_AssetSizeZoo to /Game/Maps/UEDPIE_0_Map_AssetSizeZoo.Map_AssetSizeZoo (0.007046s)
[2020.01.09-15.27.15:338][159]LogUObjectHash: Compacting FUObjectHashTables data took   1.10ms
[2020.01.09-15.27.15:343][159]LogInit: XAudio2 using 'Speakers (Realtek High Definition Audio)' : 2 channels at 48 kHz using 32 bits per sample (channel mask 0x3)
[2020.01.09-15.27.15:357][159]LogInit: FAudioDevice initialized.
[2020.01.09-15.27.15:382][159]LogLoad: Game class is 'GameMode'
[2020.01.09-15.27.15:384][159]LogWorld: Bringing World /Game/Maps/UEDPIE_0_Map_AssetSizeZoo.Map_AssetSizeZoo up for play (max tick rate 0) at 2020.01.09-15.27.15
[2020.01.09-15.27.15:384][159]LogWorld: Bringing up level for play took: 0.001263
[2020.01.09-15.27.15:396][159]LogGameMode: Display: Match State Changed from EnteringMap to WaitingToStart
[2020.01.09-15.27.15:396][159]LogGameState: Match State Changed from EnteringMap to WaitingToStart
[2020.01.09-15.27.15:396][159]LogGameMode: Display: Match State Changed from WaitingToStart to InProgress
[2020.01.09-15.27.15:397][159]LogGameState: Match State Changed from WaitingToStart to InProgress
[2020.01.09-15.27.15:397][159]PIE: Play in editor start time for /Game/Maps/UEDPIE_0_Map_AssetSizeZoo -0.691
[2020.01.09-15.27.15:397][159]LogBlueprintUserMessages: Late PlayInEditor Detection: Level '/Game/Maps/Map_AssetSizeZoo.Map_AssetSizeZoo:PersistentLevel' has LevelScriptBlueprint '/Game/Maps/Map_AssetSizeZoo.Map_AssetSizeZoo:PersistentLevel.Map_AssetSizeZoo' with GeneratedClass '/Game/Maps/Map_AssetSizeZoo.Map_AssetSizeZoo_C' with ClassGeneratedBy '/Game/Maps/Map_AssetSizeZoo.Map_AssetSizeZoo:PersistentLevel.Map_AssetSizeZoo'
[2020.01.09-15.27.22:108][947]LogBlueprintUserMessages: Early EndPlayMap Detection: Level '/Game/Maps/Map_AssetSizeZoo.Map_AssetSizeZoo:PersistentLevel' has LevelScriptBlueprint '/Game/Maps/Map_AssetSizeZoo.Map_AssetSizeZoo:PersistentLevel.Map_AssetSizeZoo' with GeneratedClass '/Game/Maps/Map_AssetSizeZoo.Map_AssetSizeZoo_C' with ClassGeneratedBy '/Game/Maps/Map_AssetSizeZoo.Map_AssetSizeZoo:PersistentLevel.Map_AssetSizeZoo'
[2020.01.09-15.27.22:109][947]LogSlate: Updating window title bar state: overlay mode, drag disabled, window buttons hidden, title bar hidden
[2020.01.09-15.27.22:140][947]LogPlayLevel: Display: Shutting down PIE online subsystems
[2020.01.09-15.27.22:141][947]LogBlueprintUserMessages: Late EndPlayMap Detection: Level '/Game/Maps/Map_AssetSizeZoo.Map_AssetSizeZoo:PersistentLevel' has LevelScriptBlueprint '/Game/Maps/Map_AssetSizeZoo.Map_AssetSizeZoo:PersistentLevel.Map_AssetSizeZoo' with GeneratedClass '/Game/Maps/Map_AssetSizeZoo.Map_AssetSizeZoo_C' with ClassGeneratedBy '/Game/Maps/Map_AssetSizeZoo.Map_AssetSizeZoo:PersistentLevel.Map_AssetSizeZoo'
[2020.01.09-15.27.22:170][947]LogSlate: Updating window title bar state: overlay mode, drag disabled, window buttons hidden, title bar hidden
[2020.01.09-15.27.22:175][947]LogUObjectHash: Compacting FUObjectHashTables data took   2.32ms
[2020.01.09-15.27.22:210][951]LogPlayLevel: Display: Destroying online subsystem :Context_4
[2020.01.09-15.27.23:718][132]LogTemp: Repeating last play command: Selected Viewport
[2020.01.09-15.27.23:736][132]LogBlueprintUserMessages: Early PlayInEditor Detection: Level '/Game/Maps/Map_AssetSizeZoo.Map_AssetSizeZoo:PersistentLevel' has LevelScriptBlueprint '/Game/Maps/Map_AssetSizeZoo.Map_AssetSizeZoo:PersistentLevel.Map_AssetSizeZoo' with GeneratedClass '/Game/Maps/Map_AssetSizeZoo.Map_AssetSizeZoo_C' with ClassGeneratedBy '/Game/Maps/Map_AssetSizeZoo.Map_AssetSizeZoo:PersistentLevel.Map_AssetSizeZoo'
[2020.01.09-15.27.23:736][132]LogPlayLevel: PlayLevel: No blueprints needed recompiling
[2020.01.09-15.27.23:736][132]PIE: New page: PIE session: Map_AssetSizeZoo (9 Jan 2020 15:27:23)
[2020.01.09-15.27.23:737][132]LogPlayLevel: Creating play world package: /Game/Maps/UEDPIE_0_Map_AssetSizeZoo
[2020.01.09-15.27.23:744][132]LogPlayLevel: PIE: StaticDuplicateObject took: (0.006804s)
[2020.01.09-15.27.23:744][132]LogAIModule: Creating AISystem for world Map_AssetSizeZoo
[2020.01.09-15.27.23:744][132]LogPlayLevel: PIE: World Init took: (0.000514s)
[2020.01.09-15.27.23:745][132]LogPlayLevel: PIE: Created PIE world by copying editor world from /Game/Maps/Map_AssetSizeZoo.Map_AssetSizeZoo to /Game/Maps/UEDPIE_0_Map_AssetSizeZoo.Map_AssetSizeZoo (0.007781s)
[2020.01.09-15.27.23:770][132]LogUObjectHash: Compacting FUObjectHashTables data took   1.12ms
[2020.01.09-15.27.23:774][132]LogInit: XAudio2 using 'Speakers (Realtek High Definition Audio)' : 2 channels at 48 kHz using 32 bits per sample (channel mask 0x3)
[2020.01.09-15.27.23:787][132]LogInit: FAudioDevice initialized.
[2020.01.09-15.27.23:814][132]LogLoad: Game class is 'GM_CombatPrototype_C'
[2020.01.09-15.27.23:816][132]LogWorld: Bringing World /Game/Maps/UEDPIE_0_Map_AssetSizeZoo.Map_AssetSizeZoo up for play (max tick rate 0) at 2020.01.09-15.27.23
[2020.01.09-15.27.23:816][132]LogWorld: Bringing up level for play took: 0.001232
[2020.01.09-15.27.23:829][132]PIE: Play in editor start time for /Game/Maps/UEDPIE_0_Map_AssetSizeZoo -0.259
[2020.01.09-15.27.23:830][132]LogBlueprintUserMessages: Late PlayInEditor Detection: Level '/Game/Maps/Map_AssetSizeZoo.Map_AssetSizeZoo:PersistentLevel' has LevelScriptBlueprint '/Game/Maps/Map_AssetSizeZoo.Map_AssetSizeZoo:PersistentLevel.Map_AssetSizeZoo' with GeneratedClass '/Game/Maps/Map_AssetSizeZoo.Map_AssetSizeZoo_C' with ClassGeneratedBy '/Game/Maps/Map_AssetSizeZoo.Map_AssetSizeZoo:PersistentLevel.Map_AssetSizeZoo'
[2020.01.09-15.27.28:449][682]LogSlate: FSceneViewport::OnFocusLost() reason 0
[2020.01.09-15.27.31:247][  8]LogBlueprintUserMessages: [BP_InteractParent_2] Oh Look, a Box
[2020.01.09-15.27.32:657][177]LogSlate: FSceneViewport::OnFocusLost() reason 0
[2020.01.09-15.27.32:741][187]LogBlueprintUserMessages: Early EndPlayMap Detection: Level '/Game/Maps/Map_AssetSizeZoo.Map_AssetSizeZoo:PersistentLevel' has LevelScriptBlueprint '/Game/Maps/Map_AssetSizeZoo.Map_AssetSizeZoo:PersistentLevel.Map_AssetSizeZoo' with GeneratedClass '/Game/Maps/Map_AssetSizeZoo.Map_AssetSizeZoo_C' with ClassGeneratedBy '/Game/Maps/Map_AssetSizeZoo.Map_AssetSizeZoo:PersistentLevel.Map_AssetSizeZoo'
[2020.01.09-15.27.32:741][187]LogSlate: Updating window title bar state: overlay mode, drag disabled, window buttons hidden, title bar hidden
[2020.01.09-15.27.32:768][187]LogPlayLevel: Display: Shutting down PIE online subsystems
[2020.01.09-15.27.32:768][187]LogBlueprintUserMessages: Late EndPlayMap Detection: Level '/Game/Maps/Map_AssetSizeZoo.Map_AssetSizeZoo:PersistentLevel' has LevelScriptBlueprint '/Game/Maps/Map_AssetSizeZoo.Map_AssetSizeZoo:PersistentLevel.Map_AssetSizeZoo' with GeneratedClass '/Game/Maps/Map_AssetSizeZoo.Map_AssetSizeZoo_C' with ClassGeneratedBy '/Game/Maps/Map_AssetSizeZoo.Map_AssetSizeZoo:PersistentLevel.Map_AssetSizeZoo'
[2020.01.09-15.27.32:796][187]LogSlate: Updating window title bar state: overlay mode, drag disabled, window buttons hidden, title bar hidden
[2020.01.09-15.27.32:800][187]LogUObjectHash: Compacting FUObjectHashTables data took   2.02ms
[2020.01.09-15.27.32:842][192]LogPlayLevel: Display: Destroying online subsystem :Context_5
[2020.01.09-15.27.37:106][695]LogSlate: FSceneViewport::OnFocusLost() reason 0
[2020.01.09-15.27.37:148][700]LogTemp: Repeating last play command: Selected Viewport
[2020.01.09-15.27.37:165][700]LogBlueprintUserMessages: Early PlayInEditor Detection: Level '/Game/Maps/Map_AssetSizeZoo.Map_AssetSizeZoo:PersistentLevel' has LevelScriptBlueprint '/Game/Maps/Map_AssetSizeZoo.Map_AssetSizeZoo:PersistentLevel.Map_AssetSizeZoo' with GeneratedClass '/Game/Maps/Map_AssetSizeZoo.Map_AssetSizeZoo_C' with ClassGeneratedBy '/Game/Maps/Map_AssetSizeZoo.Map_AssetSizeZoo:PersistentLevel.Map_AssetSizeZoo'
[2020.01.09-15.27.37:165][700]LogPlayLevel: PlayLevel: No blueprints needed recompiling
[2020.01.09-15.27.37:165][700]PIE: New page: PIE session: Map_AssetSizeZoo (9 Jan 2020 15:27:37)
[2020.01.09-15.27.37:165][700]LogPlayLevel: Creating play world package: /Game/Maps/UEDPIE_0_Map_AssetSizeZoo
[2020.01.09-15.27.37:172][700]LogPlayLevel: PIE: StaticDuplicateObject took: (0.006817s)
[2020.01.09-15.27.37:172][700]LogAIModule: Creating AISystem for world Map_AssetSizeZoo
[2020.01.09-15.27.37:172][700]LogPlayLevel: PIE: World Init took: (0.000639s)
[2020.01.09-15.27.37:172][700]LogPlayLevel: PIE: Created PIE world by copying editor world from /Game/Maps/Map_AssetSizeZoo.Map_AssetSizeZoo to /Game/Maps/UEDPIE_0_Map_AssetSizeZoo.Map_AssetSizeZoo (0.007609s)
[2020.01.09-15.27.37:198][700]LogUObjectHash: Compacting FUObjectHashTables data took   1.56ms
[2020.01.09-15.27.37:204][700]LogInit: XAudio2 using 'Speakers (Realtek High Definition Audio)' : 2 channels at 48 kHz using 32 bits per sample (channel mask 0x3)
[2020.01.09-15.27.37:216][700]LogInit: FAudioDevice initialized.
[2020.01.09-15.27.37:247][700]LogLoad: Game class is 'GM_CombatPrototype_C'
[2020.01.09-15.27.37:249][700]LogWorld: Bringing World /Game/Maps/UEDPIE_0_Map_AssetSizeZoo.Map_AssetSizeZoo up for play (max tick rate 0) at 2020.01.09-15.27.37
[2020.01.09-15.27.37:250][700]LogWorld: Bringing up level for play took: 0.001755
[2020.01.09-15.27.37:263][700]PIE: Play in editor start time for /Game/Maps/UEDPIE_0_Map_AssetSizeZoo -0.825
[2020.01.09-15.27.37:263][700]LogBlueprintUserMessages: Late PlayInEditor Detection: Level '/Game/Maps/Map_AssetSizeZoo.Map_AssetSizeZoo:PersistentLevel' has LevelScriptBlueprint '/Game/Maps/Map_AssetSizeZoo.Map_AssetSizeZoo:PersistentLevel.Map_AssetSizeZoo' with GeneratedClass '/Game/Maps/Map_AssetSizeZoo.Map_AssetSizeZoo_C' with ClassGeneratedBy '/Game/Maps/Map_AssetSizeZoo.Map_AssetSizeZoo:PersistentLevel.Map_AssetSizeZoo'
[2020.01.09-15.27.38:009][787]LogBlueprintUserMessages: [BP_InteractParent_2] Oh Look, a Box
[2020.01.09-15.27.39:141][923]LogSlate: FSceneViewport::OnFocusLost() reason 0
[2020.01.09-15.27.39:208][931]LogBlueprintUserMessages: Early EndPlayMap Detection: Level '/Game/Maps/Map_AssetSizeZoo.Map_AssetSizeZoo:PersistentLevel' has LevelScriptBlueprint '/Game/Maps/Map_AssetSizeZoo.Map_AssetSizeZoo:PersistentLevel.Map_AssetSizeZoo' with GeneratedClass '/Game/Maps/Map_AssetSizeZoo.Map_AssetSizeZoo_C' with ClassGeneratedBy '/Game/Maps/Map_AssetSizeZoo.Map_AssetSizeZoo:PersistentLevel.Map_AssetSizeZoo'
[2020.01.09-15.27.39:209][931]LogSlate: Updating window title bar state: overlay mode, drag disabled, window buttons hidden, title bar hidden
[2020.01.09-15.27.39:236][931]LogPlayLevel: Display: Shutting down PIE online subsystems
[2020.01.09-15.27.39:236][931]LogBlueprintUserMessages: Late EndPlayMap Detection: Level '/Game/Maps/Map_AssetSizeZoo.Map_AssetSizeZoo:PersistentLevel' has LevelScriptBlueprint '/Game/Maps/Map_AssetSizeZoo.Map_AssetSizeZoo:PersistentLevel.Map_AssetSizeZoo' with GeneratedClass '/Game/Maps/Map_AssetSizeZoo.Map_AssetSizeZoo_C' with ClassGeneratedBy '/Game/Maps/Map_AssetSizeZoo.Map_AssetSizeZoo:PersistentLevel.Map_AssetSizeZoo'
[2020.01.09-15.27.39:269][931]LogSlate: Updating window title bar state: overlay mode, drag disabled, window buttons hidden, title bar hidden
[2020.01.09-15.27.39:275][931]LogUObjectHash: Compacting FUObjectHashTables data took   3.45ms
[2020.01.09-15.27.39:311][935]LogPlayLevel: Display: Destroying online subsystem :Context_7
